<?xml version="1.0" ?>
<coverage branch-rate="0.3185" branches-covered="107" branches-valid="336" complexity="0" line-rate="0.599" lines-covered="1746" lines-valid="2915" timestamp="1568889170054" version="4.5.3">
	<!-- Generated by coverage.py: https://coverage.readthedocs.io -->
	<!-- Based on https://raw.githubusercontent.com/cobertura/web/master/htdocs/xml/coverage-04.dtd -->
	<sources>
		<source>/Users/oliverio/Desktop/KUNUNU_ENGAGE/05_GITHUB/mood-analytics</source>
	</sources>
	<packages>
		<package branch-rate="0" complexity="0" line-rate="0" name="engage-analytics">
			<classes>
				<class branch-rate="1" complexity="0" filename="engage-analytics/__init__.py" line-rate="1" name="__init__.py">
					<methods/>
					<lines/>
				</class>
				<class branch-rate="1" complexity="0" filename="engage-analytics/active_companies.py" line-rate="0" name="active_companies.py">
					<methods/>
					<lines>
						<line hits="0" number="3"/>
						<line hits="0" number="4"/>
						<line hits="0" number="7"/>
						<line hits="0" number="8"/>
						<line hits="0" number="9"/>
						<line hits="0" number="11"/>
						<line hits="0" number="12"/>
						<line hits="0" number="14"/>
						<line hits="0" number="15"/>
						<line hits="0" number="18"/>
					</lines>
				</class>
				<class branch-rate="0" complexity="0" filename="engage-analytics/lei.py" line-rate="0" name="lei.py">
					<methods/>
					<lines>
						<line hits="0" number="3"/>
						<line hits="0" number="4"/>
						<line hits="0" number="5"/>
						<line hits="0" number="6"/>
						<line hits="0" number="8"/>
						<line hits="0" number="9"/>
						<line hits="0" number="10"/>
						<line hits="0" number="11"/>
						<line hits="0" number="12"/>
						<line hits="0" number="13"/>
						<line hits="0" number="16"/>
						<line hits="0" number="17"/>
						<line hits="0" number="19"/>
						<line hits="0" number="20"/>
						<line hits="0" number="22"/>
						<line hits="0" number="25"/>
						<line hits="0" number="26"/>
						<line hits="0" number="29"/>
						<line hits="0" number="33"/>
						<line hits="0" number="37"/>
						<line branch="true" condition-coverage="0% (0/2)" hits="0" missing-branches="exit,39" number="38"/>
						<line hits="0" number="39"/>
						<line hits="0" number="41"/>
						<line hits="0" number="42"/>
						<line branch="true" condition-coverage="0% (0/2)" hits="0" missing-branches="47,52" number="45"/>
						<line hits="0" number="47"/>
						<line hits="0" number="48"/>
						<line hits="0" number="49"/>
						<line hits="0" number="50"/>
						<line branch="true" condition-coverage="0% (0/2)" hits="0" missing-branches="53,57" number="52"/>
						<line hits="0" number="53"/>
						<line hits="0" number="54"/>
						<line hits="0" number="57"/>
						<line hits="0" number="59"/>
						<line hits="0" number="60"/>
					</lines>
				</class>
			</classes>
		</package>
		<package branch-rate="0.6667" complexity="0" line-rate="0.9032" name="engage-analytics.active_companies.src.implementation">
			<classes>
				<class branch-rate="0.6667" complexity="0" filename="engage-analytics/active_companies/src/implementation/services.py" line-rate="0.9032" name="services.py">
					<methods/>
					<lines>
						<line hits="1" number="4"/>
						<line hits="1" number="5"/>
						<line hits="1" number="6"/>
						<line hits="1" number="7"/>
						<line hits="1" number="9"/>
						<line hits="1" number="10"/>
						<line hits="1" number="12"/>
						<line hits="1" number="15"/>
						<line hits="1" number="22"/>
						<line hits="1" number="34"/>
						<line branch="true" condition-coverage="100% (2/2)" hits="1" number="35"/>
						<line branch="true" condition-coverage="50% (1/2)" hits="1" missing-branches="37" number="36"/>
						<line hits="0" number="37"/>
						<line hits="0" number="38"/>
						<line hits="1" number="40"/>
						<line hits="1" number="43"/>
						<line hits="1" number="44"/>
						<line hits="1" number="45"/>
						<line hits="1" number="51"/>
						<line hits="1" number="53"/>
						<line hits="1" number="54"/>
						<line hits="1" number="55"/>
						<line branch="true" condition-coverage="50% (1/2)" hits="1" missing-branches="58" number="57"/>
						<line hits="0" number="58"/>
						<line hits="1" number="60"/>
						<line hits="1" number="61"/>
						<line hits="1" number="63"/>
						<line hits="1" number="64"/>
						<line hits="1" number="65"/>
						<line hits="1" number="66"/>
						<line hits="1" number="68"/>
					</lines>
				</class>
			</classes>
		</package>
		<package branch-rate="0" complexity="0" line-rate="0.1716" name="engage-analytics.active_companies.src.models.performance">
			<classes>
				<class branch-rate="0" complexity="0" filename="engage-analytics/active_companies/src/models/performance/labels.py" line-rate="0.4286" name="labels.py">
					<methods/>
					<lines>
						<line hits="1" number="4"/>
						<line hits="1" number="5"/>
						<line hits="1" number="7"/>
						<line hits="1" number="10"/>
						<line hits="1" number="15"/>
						<line hits="1" number="16"/>
						<line hits="0" number="31"/>
						<line hits="0" number="33"/>
						<line hits="0" number="35"/>
						<line branch="true" condition-coverage="0% (0/2)" hits="0" missing-branches="37,38" number="36"/>
						<line hits="0" number="37"/>
						<line hits="0" number="38"/>
						<line hits="0" number="39"/>
						<line hits="0" number="42"/>
					</lines>
				</class>
				<class branch-rate="0" complexity="0" filename="engage-analytics/active_companies/src/models/performance/metrics.py" line-rate="0.1484" name="metrics.py">
					<methods/>
					<lines>
						<line hits="1" number="4"/>
						<line hits="1" number="5"/>
						<line hits="1" number="6"/>
						<line hits="1" number="7"/>
						<line hits="1" number="8"/>
						<line hits="1" number="9"/>
						<line hits="1" number="11"/>
						<line hits="1" number="12"/>
						<line hits="1" number="15"/>
						<line hits="1" number="19"/>
						<line hits="0" number="37"/>
						<line branch="true" condition-coverage="0% (0/2)" hits="0" missing-branches="39,40" number="38"/>
						<line hits="0" number="39"/>
						<line hits="0" number="40"/>
						<line hits="0" number="41"/>
						<line hits="0" number="43"/>
						<line hits="0" number="44"/>
						<line hits="0" number="45"/>
						<line hits="0" number="46"/>
						<line hits="0" number="48"/>
						<line hits="1" number="52"/>
						<line hits="1" number="54"/>
						<line hits="0" number="67"/>
						<line hits="0" number="70"/>
						<line hits="0" number="73"/>
						<line hits="0" number="77"/>
						<line hits="0" number="81"/>
						<line hits="0" number="83"/>
						<line hits="0" number="84"/>
						<line hits="0" number="85"/>
						<line hits="0" number="88"/>
						<line hits="0" number="90"/>
						<line hits="0" number="91"/>
						<line hits="0" number="92"/>
						<line hits="0" number="93"/>
						<line hits="0" number="94"/>
						<line hits="0" number="95"/>
						<line hits="0" number="96"/>
						<line hits="0" number="98"/>
						<line hits="1" number="101"/>
						<line hits="1" number="103"/>
						<line hits="1" number="104"/>
						<line hits="0" number="106"/>
						<line hits="0" number="109"/>
						<line hits="0" number="112"/>
						<line hits="0" number="114"/>
						<line hits="0" number="115"/>
						<line hits="0" number="118"/>
						<line hits="0" number="119"/>
						<line hits="0" number="120"/>
						<line hits="0" number="121"/>
						<line hits="0" number="122"/>
						<line hits="0" number="123"/>
						<line hits="1" number="126"/>
						<line hits="1" number="128"/>
						<line hits="1" number="129"/>
						<line hits="1" number="139"/>
						<line hits="1" number="140"/>
						<line hits="1" number="142"/>
						<line hits="1" number="144"/>
						<line hits="1" number="145"/>
						<line hits="0" number="147"/>
						<line hits="0" number="148"/>
						<line hits="0" number="149"/>
						<line hits="0" number="150"/>
						<line hits="0" number="151"/>
						<line hits="0" number="153"/>
						<line hits="0" number="154"/>
						<line hits="0" number="155"/>
						<line hits="0" number="156"/>
						<line hits="0" number="157"/>
						<line branch="true" condition-coverage="0% (0/2)" hits="0" missing-branches="160,176" number="159"/>
						<line hits="0" number="160"/>
						<line hits="0" number="161"/>
						<line hits="0" number="162"/>
						<line hits="0" number="163"/>
						<line hits="0" number="164"/>
						<line hits="0" number="165"/>
						<line hits="0" number="166"/>
						<line hits="0" number="168"/>
						<line hits="0" number="169"/>
						<line hits="0" number="170"/>
						<line hits="0" number="171"/>
						<line hits="0" number="172"/>
						<line hits="0" number="173"/>
						<line hits="0" number="176"/>
						<line hits="0" number="177"/>
						<line hits="0" number="178"/>
						<line hits="0" number="179"/>
						<line hits="0" number="180"/>
						<line hits="0" number="181"/>
						<line hits="0" number="182"/>
						<line hits="0" number="184"/>
						<line hits="0" number="185"/>
						<line hits="0" number="186"/>
						<line hits="0" number="187"/>
						<line hits="0" number="188"/>
						<line hits="0" number="189"/>
						<line hits="0" number="190"/>
						<line hits="0" number="192"/>
						<line hits="0" number="193"/>
						<line hits="0" number="194"/>
						<line hits="0" number="195"/>
						<line hits="0" number="196"/>
						<line hits="0" number="197"/>
						<line hits="0" number="198"/>
						<line hits="0" number="200"/>
						<line hits="0" number="201"/>
						<line hits="0" number="202"/>
						<line hits="0" number="203"/>
						<line hits="0" number="204"/>
						<line hits="0" number="205"/>
						<line hits="0" number="206"/>
						<line hits="0" number="208"/>
						<line hits="0" number="209"/>
						<line hits="0" number="210"/>
						<line hits="0" number="211"/>
						<line hits="0" number="212"/>
						<line hits="0" number="213"/>
						<line hits="0" number="214"/>
						<line hits="0" number="217"/>
						<line hits="0" number="218"/>
						<line hits="0" number="219"/>
						<line hits="0" number="220"/>
						<line hits="0" number="221"/>
						<line hits="0" number="222"/>
						<line hits="0" number="223"/>
						<line hits="0" number="225"/>
						<line hits="0" number="226"/>
						<line hits="0" number="227"/>
						<line hits="0" number="228"/>
						<line hits="0" number="229"/>
						<line hits="0" number="230"/>
						<line hits="0" number="231"/>
						<line hits="0" number="233"/>
						<line hits="0" number="234"/>
						<line hits="0" number="235"/>
						<line hits="0" number="236"/>
						<line hits="0" number="237"/>
						<line hits="0" number="238"/>
						<line hits="0" number="239"/>
						<line hits="0" number="241"/>
						<line hits="0" number="242"/>
						<line hits="0" number="243"/>
						<line hits="0" number="244"/>
						<line hits="0" number="245"/>
						<line hits="0" number="246"/>
						<line hits="0" number="247"/>
						<line hits="0" number="249"/>
						<line hits="0" number="250"/>
						<line hits="0" number="251"/>
						<line hits="0" number="252"/>
						<line hits="0" number="253"/>
						<line hits="0" number="254"/>
						<line hits="0" number="255"/>
					</lines>
				</class>
			</classes>
		</package>
		<package branch-rate="0.7857" complexity="0" line-rate="0.952" name="engage-analytics.active_companies.src.models.train">
			<classes>
				<class branch-rate="0.7857" complexity="0" filename="engage-analytics/active_companies/src/models/train/active_companies_algorithm.py" line-rate="0.952" name="active_companies_algorithm.py">
					<methods/>
					<lines>
						<line hits="1" number="4"/>
						<line hits="1" number="5"/>
						<line hits="1" number="6"/>
						<line hits="1" number="7"/>
						<line hits="1" number="9"/>
						<line hits="1" number="10"/>
						<line hits="1" number="11"/>
						<line hits="1" number="13"/>
						<line hits="1" number="16"/>
						<line hits="1" number="22"/>
						<line hits="1" number="30"/>
						<line hits="1" number="31"/>
						<line hits="1" number="32"/>
						<line hits="1" number="33"/>
						<line hits="1" number="34"/>
						<line hits="1" number="35"/>
						<line hits="1" number="37"/>
						<line hits="1" number="38"/>
						<line hits="1" number="39"/>
						<line hits="1" number="40"/>
						<line hits="1" number="41"/>
						<line hits="1" number="44"/>
						<line hits="1" number="45"/>
						<line hits="0" number="46"/>
						<line hits="1" number="48"/>
						<line hits="1" number="49"/>
						<line hits="1" number="50"/>
						<line hits="1" number="52"/>
						<line hits="1" number="53"/>
						<line hits="1" number="54"/>
						<line hits="1" number="56"/>
						<line hits="1" number="57"/>
						<line hits="1" number="58"/>
						<line hits="1" number="60"/>
						<line hits="1" number="61"/>
						<line hits="0" number="62"/>
						<line hits="1" number="64"/>
						<line hits="1" number="65"/>
						<line hits="1" number="66"/>
						<line hits="1" number="68"/>
						<line hits="1" number="69"/>
						<line branch="true" condition-coverage="50% (1/2)" hits="1" missing-branches="74" number="70"/>
						<line hits="1" number="71"/>
						<line hits="1" number="72"/>
						<line hits="0" number="74"/>
						<line hits="1" number="76"/>
						<line hits="1" number="77"/>
						<line hits="1" number="78"/>
						<line hits="1" number="80"/>
						<line hits="1" number="81"/>
						<line hits="1" number="83"/>
						<line hits="1" number="84"/>
						<line hits="1" number="85"/>
						<line hits="1" number="87"/>
						<line hits="1" number="88"/>
						<line hits="1" number="90"/>
						<line hits="1" number="91"/>
						<line hits="0" number="92"/>
						<line hits="1" number="94"/>
						<line hits="1" number="95"/>
						<line hits="1" number="96"/>
						<line hits="1" number="98"/>
						<line hits="1" number="99"/>
						<line hits="1" number="101"/>
						<line branch="true" condition-coverage="100% (2/2)" hits="1" number="107"/>
						<line hits="1" number="108"/>
						<line hits="1" number="109"/>
						<line hits="1" number="112"/>
						<line hits="1" number="114"/>
						<line hits="1" number="117"/>
						<line hits="1" number="120"/>
						<line hits="1" number="122"/>
						<line hits="1" number="124"/>
						<line hits="1" number="126"/>
						<line hits="1" number="128"/>
						<line hits="1" number="129"/>
						<line hits="1" number="136"/>
						<line hits="1" number="137"/>
						<line hits="1" number="138"/>
						<line hits="1" number="139"/>
						<line hits="1" number="141"/>
						<line hits="1" number="143"/>
						<line branch="true" condition-coverage="100% (2/2)" hits="1" number="149"/>
						<line hits="1" number="150"/>
						<line hits="1" number="151"/>
						<line hits="1" number="154"/>
						<line hits="1" number="157"/>
						<line hits="1" number="160"/>
						<line branch="true" condition-coverage="50% (1/2)" hits="1" missing-branches="167" number="162"/>
						<line hits="1" number="164"/>
						<line hits="1" number="167"/>
						<line hits="1" number="170"/>
						<line hits="1" number="172"/>
						<line hits="1" number="173"/>
						<line hits="1" number="181"/>
						<line branch="true" condition-coverage="100% (2/2)" hits="1" number="183"/>
						<line hits="1" number="186"/>
						<line hits="1" number="188"/>
						<line branch="true" condition-coverage="100% (2/2)" hits="1" number="197"/>
						<line hits="1" number="198"/>
						<line hits="1" number="199"/>
						<line hits="1" number="202"/>
						<line hits="1" number="205"/>
						<line hits="1" number="208"/>
						<line hits="1" number="212"/>
						<line hits="1" number="218"/>
						<line hits="1" number="220"/>
						<line hits="1" number="222"/>
						<line hits="1" number="224"/>
						<line hits="1" number="229"/>
						<line hits="1" number="230"/>
						<line hits="1" number="231"/>
						<line hits="1" number="232"/>
						<line hits="1" number="234"/>
						<line hits="1" number="235"/>
						<line hits="1" number="237"/>
						<line hits="1" number="238"/>
						<line hits="1" number="243"/>
						<line branch="true" condition-coverage="50% (1/2)" hits="1" missing-branches="247" number="246"/>
						<line hits="0" number="247"/>
						<line hits="0" number="248"/>
						<line hits="1" number="249"/>
						<line hits="1" number="250"/>
						<line hits="1" number="251"/>
						<line hits="1" number="253"/>
					</lines>
				</class>
			</classes>
		</package>
		<package branch-rate="0.3333" complexity="0" line-rate="0.5" name="engage-analytics.active_companies.src.workflows">
			<classes>
				<class branch-rate="0.5" complexity="0" filename="engage-analytics/active_companies/src/workflows/configurations.py" line-rate="0.6071" name="configurations.py">
					<methods/>
					<lines>
						<line hits="1" number="6"/>
						<line hits="1" number="8"/>
						<line hits="1" number="9"/>
						<line hits="1" number="17"/>
						<line branch="true" condition-coverage="100% (2/2)" hits="1" number="19"/>
						<line hits="1" number="21"/>
						<line hits="1" number="22"/>
						<line branch="true" condition-coverage="100% (2/2)" hits="1" number="23"/>
						<line hits="1" number="24"/>
						<line hits="1" number="26"/>
						<line hits="1" number="27"/>
						<line branch="true" condition-coverage="100% (2/2)" hits="1" number="29"/>
						<line hits="1" number="30"/>
						<line hits="1" number="32"/>
						<line hits="1" number="34"/>
						<line hits="1" number="36"/>
						<line hits="1" number="37"/>
						<line hits="0" number="45"/>
						<line branch="true" condition-coverage="0% (0/2)" hits="0" missing-branches="49,61" number="47"/>
						<line hits="0" number="49"/>
						<line hits="0" number="50"/>
						<line branch="true" condition-coverage="0% (0/2)" hits="0" missing-branches="53,55" number="52"/>
						<line hits="0" number="53"/>
						<line hits="0" number="55"/>
						<line branch="true" condition-coverage="0% (0/2)" hits="0" missing-branches="58,60" number="57"/>
						<line hits="0" number="58"/>
						<line hits="0" number="60"/>
						<line hits="0" number="61"/>
					</lines>
				</class>
				<class branch-rate="0" complexity="0" filename="engage-analytics/active_companies/src/workflows/validation.py" line-rate="0.4545" name="validation.py">
					<methods/>
					<lines>
						<line hits="1" number="5"/>
						<line hits="1" number="6"/>
						<line hits="1" number="7"/>
						<line hits="1" number="9"/>
						<line hits="1" number="10"/>
						<line hits="1" number="12"/>
						<line hits="1" number="14"/>
						<line hits="1" number="15"/>
						<line hits="1" number="16"/>
						<line hits="1" number="17"/>
						<line hits="1" number="18"/>
						<line hits="1" number="19"/>
						<line hits="1" number="20"/>
						<line hits="1" number="21"/>
						<line hits="1" number="23"/>
						<line hits="1" number="26"/>
						<line hits="1" number="27"/>
						<line hits="1" number="28"/>
						<line hits="1" number="29"/>
						<line hits="1" number="30"/>
						<line hits="1" number="56"/>
						<line hits="1" number="57"/>
						<line hits="1" number="60"/>
						<line hits="1" number="65"/>
						<line hits="1" number="68"/>
						<line hits="1" number="70"/>
						<line hits="1" number="72"/>
						<line hits="0" number="78"/>
						<line hits="0" number="80"/>
						<line hits="0" number="82"/>
						<line hits="0" number="83"/>
						<line hits="0" number="84"/>
						<line hits="1" number="86"/>
						<line hits="0" number="94"/>
						<line hits="0" number="95"/>
						<line hits="0" number="99"/>
						<line hits="0" number="100"/>
						<line hits="1" number="102"/>
						<line hits="0" number="108"/>
						<line hits="0" number="109"/>
						<line hits="0" number="110"/>
						<line hits="1" number="112"/>
						<line hits="0" number="117"/>
						<line hits="0" number="118"/>
						<line hits="0" number="119"/>
						<line hits="0" number="120"/>
						<line hits="0" number="121"/>
						<line hits="0" number="122"/>
						<line hits="0" number="123"/>
						<line hits="0" number="124"/>
						<line hits="0" number="125"/>
						<line hits="0" number="126"/>
						<line hits="0" number="128"/>
						<line branch="true" condition-coverage="0% (0/2)" hits="0" missing-branches="131,135" number="130"/>
						<line hits="0" number="131"/>
						<line hits="0" number="132"/>
						<line hits="0" number="133"/>
						<line hits="0" number="135"/>
						<line hits="0" number="137"/>
						<line hits="0" number="138"/>
						<line hits="0" number="139"/>
						<line branch="true" condition-coverage="0% (0/2)" hits="0" missing-branches="142,148" number="141"/>
						<line hits="0" number="142"/>
						<line branch="true" condition-coverage="0% (0/2)" hits="0" missing-branches="exit,152" number="148"/>
						<line hits="0" number="152"/>
						<line hits="0" number="155"/>
					</lines>
				</class>
			</classes>
		</package>
		<package branch-rate="0" complexity="0" line-rate="0.25" name="engage-analytics.active_companies.src.workflows.logs">
			<classes>
				<class branch-rate="0" complexity="0" filename="engage-analytics/active_companies/src/workflows/logs/register.py" line-rate="0.25" name="register.py">
					<methods/>
					<lines>
						<line hits="1" number="5"/>
						<line hits="1" number="6"/>
						<line hits="1" number="7"/>
						<line hits="1" number="8"/>
						<line hits="1" number="10"/>
						<line hits="1" number="11"/>
						<line hits="1" number="12"/>
						<line hits="1" number="14"/>
						<line hits="1" number="17"/>
						<line hits="0" number="45"/>
						<line hits="0" number="60"/>
						<line branch="true" condition-coverage="0% (0/2)" hits="0" missing-branches="exit,62" number="61"/>
						<line branch="true" condition-coverage="0% (0/2)" hits="0" missing-branches="63,66" number="62"/>
						<line hits="0" number="63"/>
						<line hits="0" number="66"/>
						<line hits="0" number="69"/>
						<line branch="true" condition-coverage="0% (0/2)" hits="0" missing-branches="72,75" number="71"/>
						<line hits="0" number="72"/>
						<line hits="0" number="75"/>
						<line hits="0" number="78"/>
						<line branch="true" condition-coverage="0% (0/2)" hits="0" missing-branches="81,84" number="80"/>
						<line hits="0" number="81"/>
						<line hits="0" number="84"/>
						<line hits="0" number="88"/>
						<line hits="0" number="93"/>
						<line hits="0" number="94"/>
						<line hits="0" number="95"/>
						<line branch="true" condition-coverage="0% (0/2)" hits="0" missing-branches="100,116" number="98"/>
						<line hits="0" number="100"/>
						<line hits="0" number="103"/>
						<line hits="0" number="106"/>
						<line hits="0" number="111"/>
						<line hits="0" number="114"/>
						<line hits="0" number="116"/>
						<line hits="0" number="117"/>
						<line hits="0" number="118"/>
					</lines>
				</class>
			</classes>
		</package>
		<package branch-rate="0" complexity="0" line-rate="0" name="engage-analytics.lei.src.mapping_duns_lei_engage">
			<classes>
				<class branch-rate="1" complexity="0" filename="engage-analytics/lei/src/mapping_duns_lei_engage/cons.py" line-rate="0" name="cons.py">
					<methods/>
					<lines>
						<line hits="0" number="2"/>
						<line hits="0" number="3"/>
						<line hits="0" number="4"/>
						<line hits="0" number="5"/>
						<line hits="0" number="6"/>
						<line hits="0" number="7"/>
					</lines>
				</class>
				<class branch-rate="0" complexity="0" filename="engage-analytics/lei/src/mapping_duns_lei_engage/mapping_lei_duns.py" line-rate="0" name="mapping_lei_duns.py">
					<methods/>
					<lines>
						<line hits="0" number="1"/>
						<line hits="0" number="2"/>
						<line hits="0" number="4"/>
						<line hits="0" number="6"/>
						<line hits="0" number="7"/>
						<line hits="0" number="8"/>
						<line hits="0" number="9"/>
						<line hits="0" number="11"/>
						<line hits="0" number="12"/>
						<line hits="0" number="14"/>
						<line hits="0" number="16"/>
						<line hits="0" number="17"/>
						<line hits="0" number="20"/>
						<line hits="0" number="26"/>
						<line hits="0" number="27"/>
						<line hits="0" number="30"/>
						<line hits="0" number="41"/>
						<line branch="true" condition-coverage="0% (0/2)" hits="0" missing-branches="43,47" number="42"/>
						<line hits="0" number="43"/>
						<line hits="0" number="45"/>
						<line hits="0" number="47"/>
						<line hits="0" number="49"/>
						<line hits="0" number="50"/>
						<line hits="0" number="51"/>
						<line hits="0" number="52"/>
						<line branch="true" condition-coverage="0% (0/2)" hits="0" missing-branches="54,57" number="53"/>
						<line branch="true" condition-coverage="0% (0/2)" hits="0" missing-branches="53,55" number="54"/>
						<line hits="0" number="55"/>
						<line hits="0" number="56"/>
						<line branch="true" condition-coverage="0% (0/2)" hits="0" missing-branches="58,68" number="57"/>
						<line hits="0" number="58"/>
						<line branch="true" condition-coverage="0% (0/2)" hits="0" missing-branches="60,66" number="59"/>
						<line hits="0" number="60"/>
						<line branch="true" condition-coverage="0% (0/2)" hits="0" missing-branches="62,64" number="61"/>
						<line branch="true" condition-coverage="0% (0/2)" hits="0" missing-branches="61,63" number="62"/>
						<line hits="0" number="63"/>
						<line hits="0" number="64"/>
						<line hits="0" number="65"/>
						<line hits="0" number="66"/>
						<line hits="0" number="68"/>
						<line hits="0" number="69"/>
						<line hits="0" number="72"/>
						<line hits="0" number="73"/>
						<line hits="0" number="74"/>
						<line branch="true" condition-coverage="0% (0/2)" hits="0" missing-branches="76,81" number="75"/>
						<line hits="0" number="76"/>
						<line branch="true" condition-coverage="0% (0/2)" hits="0" missing-branches="78,80" number="77"/>
						<line hits="0" number="78"/>
						<line hits="0" number="79"/>
						<line hits="0" number="80"/>
						<line hits="0" number="81"/>
						<line hits="0" number="84"/>
						<line branch="true" condition-coverage="0% (0/2)" hits="0" missing-branches="exit,86" number="85"/>
						<line hits="0" number="86"/>
						<line branch="true" condition-coverage="0% (0/2)" hits="0" missing-branches="exit,88" number="87"/>
						<line hits="0" number="88"/>
						<line hits="0" number="91"/>
						<line hits="0" number="92"/>
						<line hits="0" number="93"/>
						<line branch="true" condition-coverage="0% (0/2)" hits="0" missing-branches="95,97" number="94"/>
						<line hits="0" number="95"/>
						<line hits="0" number="96"/>
						<line hits="0" number="97"/>
						<line hits="0" number="100"/>
						<line hits="0" number="102"/>
						<line hits="0" number="104"/>
						<line hits="0" number="107"/>
						<line hits="0" number="109"/>
						<line hits="0" number="112"/>
						<line hits="0" number="114"/>
						<line hits="0" number="116"/>
						<line hits="0" number="117"/>
						<line hits="0" number="118"/>
						<line hits="0" number="119"/>
						<line branch="true" condition-coverage="0% (0/2)" hits="0" missing-branches="122,129" number="120"/>
						<line branch="true" condition-coverage="0% (0/2)" hits="0" missing-branches="120,123" number="122"/>
						<line hits="0" number="123"/>
						<line hits="0" number="124"/>
						<line hits="0" number="125"/>
						<line hits="0" number="126"/>
						<line hits="0" number="128"/>
						<line hits="0" number="129"/>
						<line hits="0" number="130"/>
						<line hits="0" number="131"/>
						<line hits="0" number="132"/>
						<line hits="0" number="133"/>
						<line hits="0" number="134"/>
						<line hits="0" number="135"/>
						<line hits="0" number="136"/>
					</lines>
				</class>
				<class branch-rate="1" complexity="0" filename="engage-analytics/lei/src/mapping_duns_lei_engage/plot.py" line-rate="0" name="plot.py">
					<methods/>
					<lines>
						<line hits="0" number="1"/>
						<line hits="0" number="2"/>
						<line hits="0" number="4"/>
						<line hits="0" number="5"/>
						<line hits="0" number="6"/>
						<line hits="0" number="7"/>
					</lines>
				</class>
			</classes>
		</package>
		<package branch-rate="0.25" complexity="0" line-rate="0.3668" name="engage-analytics.lei.src.read_lei">
			<classes>
				<class branch-rate="1" complexity="0" filename="engage-analytics/lei/src/read_lei/cons.py" line-rate="1" name="cons.py">
					<methods/>
					<lines>
						<line hits="1" number="4"/>
						<line hits="1" number="5"/>
						<line hits="1" number="6"/>
						<line hits="1" number="7"/>
						<line hits="1" number="8"/>
						<line hits="1" number="9"/>
						<line hits="1" number="10"/>
						<line hits="1" number="11"/>
						<line hits="1" number="21"/>
						<line hits="1" number="22"/>
						<line hits="1" number="24"/>
						<line hits="1" number="27"/>
						<line hits="1" number="28"/>
						<line hits="1" number="29"/>
						<line hits="1" number="30"/>
						<line hits="1" number="32"/>
					</lines>
				</class>
				<class branch-rate="0" complexity="0" filename="engage-analytics/lei/src/read_lei/inject_sql.py" line-rate="0" name="inject_sql.py">
					<methods/>
					<lines>
						<line hits="0" number="1"/>
						<line hits="0" number="3"/>
						<line hits="0" number="5"/>
						<line hits="0" number="6"/>
						<line hits="0" number="7"/>
						<line hits="0" number="9"/>
						<line hits="0" number="11"/>
						<line hits="0" number="14"/>
						<line hits="0" number="16"/>
						<line hits="0" number="25"/>
						<line hits="0" number="26"/>
						<line branch="true" condition-coverage="0% (0/2)" hits="0" missing-branches="28,30" number="27"/>
						<line hits="0" number="28"/>
						<line hits="0" number="30"/>
						<line branch="true" condition-coverage="0% (0/2)" hits="0" missing-branches="33,73" number="32"/>
						<line hits="0" number="33"/>
						<line hits="0" number="73"/>
						<line hits="0" number="75"/>
						<line branch="true" condition-coverage="0% (0/2)" hits="0" missing-branches="87,88" number="86"/>
						<line hits="0" number="87"/>
						<line branch="true" condition-coverage="0% (0/2)" hits="0" missing-branches="89,92" number="88"/>
						<line hits="0" number="89"/>
						<line hits="0" number="90"/>
						<line hits="0" number="92"/>
						<line hits="0" number="94"/>
						<line branch="true" condition-coverage="0% (0/2)" hits="0" missing-branches="105,108" number="104"/>
						<line hits="0" number="105"/>
						<line hits="0" number="106"/>
						<line branch="true" condition-coverage="0% (0/2)" hits="0" missing-branches="109,117" number="108"/>
						<line hits="0" number="109"/>
						<line hits="0" number="115"/>
						<line branch="true" condition-coverage="0% (0/2)" hits="0" missing-branches="118,121" number="117"/>
						<line hits="0" number="118"/>
						<line hits="0" number="119"/>
						<line branch="true" condition-coverage="0% (0/2)" hits="0" missing-branches="exit,122" number="121"/>
						<line hits="0" number="122"/>
						<line hits="0" number="126"/>
						<line hits="0" number="129"/>
						<line hits="0" number="131"/>
						<line hits="0" number="132"/>
						<line hits="0" number="136"/>
						<line hits="0" number="137"/>
						<line hits="0" number="138"/>
						<line hits="0" number="139"/>
						<line hits="0" number="141"/>
						<line hits="0" number="142"/>
						<line hits="0" number="144"/>
						<line hits="0" number="145"/>
						<line hits="0" number="156"/>
						<line hits="0" number="157"/>
						<line hits="0" number="158"/>
						<line hits="0" number="160"/>
						<line branch="true" condition-coverage="0% (0/2)" hits="0" missing-branches="163,165" number="162"/>
						<line hits="0" number="163"/>
						<line hits="0" number="164"/>
						<line branch="true" condition-coverage="0% (0/2)" hits="0" missing-branches="exit,166" number="165"/>
						<line hits="0" number="166"/>
						<line hits="0" number="167"/>
						<line hits="0" number="169"/>
						<line hits="0" number="170"/>
						<line hits="0" number="177"/>
						<line hits="0" number="178"/>
					</lines>
				</class>
				<class branch-rate="1" complexity="0" filename="engage-analytics/lei/src/read_lei/read_path.py" line-rate="1" name="read_path.py">
					<methods/>
					<lines>
						<line hits="1" number="1"/>
						<line hits="1" number="4"/>
						<line hits="1" number="6"/>
						<line hits="1" number="7"/>
						<line hits="1" number="12"/>
						<line hits="1" number="13"/>
						<line hits="1" number="14"/>
					</lines>
				</class>
				<class branch-rate="0" complexity="0" filename="engage-analytics/lei/src/read_lei/read_source_files.py" line-rate="0" name="read_source_files.py">
					<methods/>
					<lines>
						<line hits="0" number="1"/>
						<line hits="0" number="2"/>
						<line hits="0" number="3"/>
						<line hits="0" number="4"/>
						<line hits="0" number="5"/>
						<line hits="0" number="6"/>
						<line hits="0" number="7"/>
						<line hits="0" number="9"/>
						<line hits="0" number="12"/>
						<line hits="0" number="14"/>
						<line hits="0" number="15"/>
						<line hits="0" number="23"/>
						<line hits="0" number="24"/>
						<line hits="0" number="25"/>
						<line branch="true" condition-coverage="0% (0/2)" hits="0" missing-branches="27,29" number="26"/>
						<line hits="0" number="27"/>
						<line hits="0" number="28"/>
						<line hits="0" number="29"/>
						<line hits="0" number="30"/>
						<line hits="0" number="32"/>
						<line hits="0" number="33"/>
						<line hits="0" number="35"/>
						<line hits="0" number="36"/>
						<line hits="0" number="37"/>
						<line hits="0" number="39"/>
						<line hits="0" number="42"/>
						<line hits="0" number="43"/>
						<line hits="0" number="51"/>
						<line hits="0" number="52"/>
						<line hits="0" number="53"/>
						<line hits="0" number="54"/>
						<line branch="true" condition-coverage="0% (0/2)" hits="0" missing-branches="56,58" number="55"/>
						<line hits="0" number="56"/>
						<line hits="0" number="57"/>
						<line hits="0" number="58"/>
						<line hits="0" number="59"/>
						<line hits="0" number="60"/>
						<line hits="0" number="61"/>
						<line hits="0" number="64"/>
						<line hits="0" number="65"/>
						<line hits="0" number="67"/>
						<line hits="0" number="69"/>
						<line hits="0" number="70"/>
						<line hits="0" number="77"/>
						<line hits="0" number="78"/>
						<line hits="0" number="79"/>
					</lines>
				</class>
				<class branch-rate="0.3654" complexity="0" filename="engage-analytics/lei/src/read_lei/read_transform_files.py" line-rate="0.557" name="read_transform_files.py">
					<methods/>
					<lines>
						<line hits="1" number="1"/>
						<line hits="1" number="4"/>
						<line hits="1" number="6"/>
						<line hits="1" number="7"/>
						<line hits="1" number="14"/>
						<line branch="true" condition-coverage="50% (1/2)" hits="1" missing-branches="19" number="16"/>
						<line hits="1" number="17"/>
						<line hits="1" number="19"/>
						<line hits="1" number="21"/>
						<line hits="1" number="22"/>
						<line hits="1" number="29"/>
						<line branch="true" condition-coverage="50% (1/2)" hits="1" missing-branches="33" number="30"/>
						<line hits="1" number="31"/>
						<line branch="true" condition-coverage="50% (1/2)" hits="1" missing-branches="34" number="33"/>
						<line hits="0" number="34"/>
						<line branch="true" condition-coverage="0% (0/2)" hits="0" missing-branches="36,37" number="35"/>
						<line hits="0" number="36"/>
						<line branch="true" condition-coverage="0% (0/2)" hits="0" missing-branches="38,41" number="37"/>
						<line branch="true" condition-coverage="0% (0/2)" hits="0" missing-branches="39,41" number="38"/>
						<line hits="0" number="39"/>
						<line hits="1" number="41"/>
						<line hits="1" number="43"/>
						<line hits="1" number="44"/>
						<line hits="1" number="51"/>
						<line branch="true" condition-coverage="50% (1/2)" hits="1" missing-branches="55" number="52"/>
						<line hits="1" number="53"/>
						<line hits="0" number="55"/>
						<line hits="1" number="56"/>
						<line hits="1" number="58"/>
						<line hits="1" number="59"/>
						<line branch="true" condition-coverage="50% (1/2)" hits="1" missing-branches="64" number="61"/>
						<line hits="1" number="62"/>
						<line hits="0" number="64"/>
						<line hits="1" number="66"/>
						<line hits="1" number="68"/>
						<line hits="1" number="69"/>
						<line hits="1" number="75"/>
						<line hits="1" number="76"/>
						<line hits="1" number="77"/>
						<line hits="1" number="78"/>
						<line hits="1" number="79"/>
						<line hits="1" number="80"/>
						<line hits="1" number="81"/>
						<line branch="true" condition-coverage="50% (1/2)" hits="1" missing-branches="85" number="82"/>
						<line hits="1" number="83"/>
						<line hits="0" number="85"/>
						<line branch="true" condition-coverage="50% (1/2)" hits="1" missing-branches="98" number="87"/>
						<line hits="1" number="88"/>
						<line branch="true" condition-coverage="50% (1/2)" hits="1" missing-branches="93" number="89"/>
						<line hits="1" number="90"/>
						<line branch="true" condition-coverage="50% (1/2)" hits="1" missing-branches="94" number="93"/>
						<line branch="true" condition-coverage="0% (0/2)" hits="0" missing-branches="95,98" number="94"/>
						<line hits="0" number="95"/>
						<line hits="1" number="98"/>
						<line hits="1" number="99"/>
						<line hits="1" number="100"/>
						<line hits="1" number="101"/>
						<line hits="1" number="103"/>
						<line hits="1" number="105"/>
						<line hits="1" number="107"/>
						<line hits="1" number="108"/>
						<line hits="0" number="115"/>
						<line hits="1" number="117"/>
						<line hits="1" number="120"/>
						<line branch="true" condition-coverage="50% (1/2)" hits="1" missing-branches="127" number="121"/>
						<line branch="true" condition-coverage="100% (2/2)" hits="1" number="122"/>
						<line hits="1" number="123"/>
						<line hits="1" number="127"/>
						<line hits="1" number="129"/>
						<line hits="1" number="130"/>
						<line hits="0" number="132"/>
						<line hits="0" number="134"/>
						<line hits="0" number="136"/>
						<line hits="0" number="138"/>
						<line hits="0" number="140"/>
						<line hits="0" number="143"/>
						<line hits="1" number="146"/>
						<line hits="1" number="147"/>
						<line hits="0" number="149"/>
						<line hits="0" number="152"/>
						<line hits="0" number="154"/>
						<line hits="0" number="156"/>
						<line hits="0" number="158"/>
						<line hits="1" number="161"/>
						<line hits="1" number="162"/>
						<line branch="true" condition-coverage="50% (1/2)" hits="1" missing-branches="167" number="164"/>
						<line hits="1" number="165"/>
						<line hits="0" number="167"/>
						<line hits="1" number="169"/>
						<line hits="1" number="171"/>
						<line hits="1" number="172"/>
						<line hits="0" number="180"/>
						<line hits="0" number="181"/>
						<line hits="0" number="182"/>
						<line hits="0" number="183"/>
						<line branch="true" condition-coverage="0% (0/2)" hits="0" missing-branches="185,228" number="184"/>
						<line hits="0" number="185"/>
						<line hits="0" number="187"/>
						<line hits="0" number="189"/>
						<line hits="0" number="191"/>
						<line branch="true" condition-coverage="0% (0/2)" hits="0" missing-branches="194,196" number="193"/>
						<line hits="0" number="194"/>
						<line hits="0" number="196"/>
						<line branch="true" condition-coverage="0% (0/2)" hits="0" missing-branches="199,204" number="198"/>
						<line hits="0" number="199"/>
						<line branch="true" condition-coverage="0% (0/2)" hits="0" missing-branches="201,206" number="200"/>
						<line branch="true" condition-coverage="0% (0/2)" hits="0" missing-branches="200,202" number="201"/>
						<line hits="0" number="202"/>
						<line hits="0" number="204"/>
						<line hits="0" number="206"/>
						<line hits="0" number="210"/>
						<line hits="0" number="214"/>
						<line hits="0" number="217"/>
						<line hits="0" number="228"/>
						<line hits="1" number="230"/>
						<line hits="1" number="231"/>
						<line hits="1" number="238"/>
						<line branch="true" condition-coverage="100% (2/2)" hits="1" number="239"/>
						<line branch="true" condition-coverage="50% (1/2)" hits="1" missing-branches="243" number="240"/>
						<line hits="1" number="241"/>
						<line hits="0" number="243"/>
						<line branch="true" condition-coverage="100% (2/2)" hits="1" number="245"/>
						<line branch="true" condition-coverage="50% (1/2)" hits="1" missing-branches="251" number="246"/>
						<line hits="1" number="248"/>
						<line hits="0" number="251"/>
						<line hits="1" number="253"/>
						<line hits="1" number="255"/>
						<line hits="1" number="256"/>
						<line hits="0" number="261"/>
						<line hits="0" number="262"/>
						<line branch="true" condition-coverage="0% (0/2)" hits="0" missing-branches="264,293" number="263"/>
						<line hits="0" number="264"/>
						<line hits="0" number="265"/>
						<line hits="0" number="268"/>
						<line hits="0" number="271"/>
						<line hits="0" number="274"/>
						<line hits="0" number="277"/>
						<line hits="0" number="281"/>
						<line hits="0" number="284"/>
						<line hits="0" number="289"/>
						<line hits="0" number="293"/>
						<line hits="1" number="295"/>
						<line hits="1" number="296"/>
						<line hits="0" number="301"/>
						<line hits="0" number="302"/>
						<line hits="1" number="304"/>
						<line hits="1" number="305"/>
						<line hits="0" number="310"/>
						<line hits="0" number="312"/>
					</lines>
				</class>
				<class branch-rate="1" complexity="0" filename="engage-analytics/lei/src/read_lei/split_file.py" line-rate="0" name="split_file.py">
					<methods/>
					<lines>
						<line hits="0" number="2"/>
						<line hits="0" number="5"/>
						<line hits="0" number="7"/>
						<line hits="0" number="8"/>
						<line hits="0" number="19"/>
						<line hits="0" number="22"/>
						<line hits="0" number="25"/>
						<line hits="0" number="26"/>
						<line hits="0" number="27"/>
					</lines>
				</class>
			</classes>
		</package>
		<package branch-rate="0.2031" complexity="0" line-rate="0.2522" name="engage-analytics.sentiment_analysis.src">
			<classes>
				<class branch-rate="1" complexity="0" filename="engage-analytics/sentiment_analysis/src/clean_comments.py" line-rate="1" name="clean_comments.py">
					<methods/>
					<lines>
						<line hits="1" number="1"/>
						<line hits="1" number="2"/>
						<line hits="1" number="3"/>
						<line hits="1" number="4"/>
						<line hits="1" number="6"/>
						<line hits="1" number="8"/>
						<line hits="1" number="11"/>
						<line hits="1" number="13"/>
						<line hits="1" number="14"/>
						<line hits="1" number="20"/>
						<line hits="1" number="22"/>
						<line hits="1" number="24"/>
						<line hits="1" number="25"/>
						<line hits="1" number="31"/>
						<line hits="1" number="32"/>
						<line hits="1" number="34"/>
						<line hits="1" number="36"/>
						<line hits="1" number="37"/>
						<line branch="true" condition-coverage="100% (2/2)" hits="1" number="45"/>
						<line hits="1" number="46"/>
						<line hits="1" number="47"/>
						<line branch="true" condition-coverage="100% (2/2)" hits="1" number="48"/>
						<line hits="1" number="49"/>
						<line hits="1" number="50"/>
						<line branch="true" condition-coverage="100% (2/2)" hits="1" number="51"/>
						<line branch="true" condition-coverage="100% (2/2)" hits="1" number="52"/>
						<line hits="1" number="54"/>
					</lines>
				</class>
				<class branch-rate="0.3571" complexity="0" filename="engage-analytics/sentiment_analysis/src/clients_language_sentiments_entity.py" line-rate="0.5256" name="clients_language_sentiments_entity.py">
					<methods/>
					<lines>
						<line hits="1" number="1"/>
						<line hits="1" number="2"/>
						<line hits="1" number="3"/>
						<line hits="1" number="4"/>
						<line hits="1" number="6"/>
						<line hits="1" number="7"/>
						<line hits="1" number="8"/>
						<line hits="1" number="9"/>
						<line hits="1" number="10"/>
						<line hits="1" number="11"/>
						<line hits="1" number="13"/>
						<line hits="1" number="16"/>
						<line hits="1" number="18"/>
						<line hits="0" number="25"/>
						<line branch="true" condition-coverage="0% (0/2)" hits="0" missing-branches="28,30" number="27"/>
						<line hits="0" number="28"/>
						<line hits="0" number="30"/>
						<line hits="0" number="33"/>
						<line hits="1" number="35"/>
						<line hits="1" number="36"/>
						<line hits="1" number="42"/>
						<line hits="1" number="45"/>
						<line hits="1" number="47"/>
						<line hits="1" number="48"/>
						<line hits="0" number="55"/>
						<line hits="0" number="56"/>
						<line branch="true" condition-coverage="0% (0/2)" hits="0" missing-branches="58,66" number="57"/>
						<line hits="0" number="58"/>
						<line hits="0" number="59"/>
						<line hits="0" number="60"/>
						<line hits="0" number="61"/>
						<line hits="0" number="62"/>
						<line hits="0" number="63"/>
						<line hits="0" number="64"/>
						<line hits="0" number="65"/>
						<line hits="0" number="66"/>
						<line hits="1" number="68"/>
						<line hits="1" number="69"/>
						<line hits="0" number="76"/>
						<line hits="0" number="77"/>
						<line hits="0" number="78"/>
						<line hits="0" number="79"/>
						<line hits="0" number="80"/>
						<line branch="true" condition-coverage="0% (0/2)" hits="0" missing-branches="82,95" number="81"/>
						<line hits="0" number="82"/>
						<line hits="0" number="83"/>
						<line branch="true" condition-coverage="0% (0/2)" hits="0" missing-branches="85,89" number="84"/>
						<line hits="0" number="85"/>
						<line hits="0" number="86"/>
						<line hits="0" number="87"/>
						<line hits="0" number="88"/>
						<line hits="0" number="89"/>
						<line hits="0" number="90"/>
						<line hits="0" number="91"/>
						<line hits="0" number="92"/>
						<line hits="0" number="93"/>
						<line hits="0" number="94"/>
						<line hits="0" number="95"/>
						<line hits="1" number="97"/>
						<line hits="1" number="98"/>
						<line hits="1" number="107"/>
						<line branch="true" condition-coverage="50% (1/2)" hits="1" missing-branches="111" number="108"/>
						<line hits="1" number="109"/>
						<line hits="1" number="111"/>
						<line hits="1" number="113"/>
						<line hits="1" number="114"/>
						<line hits="1" number="121"/>
						<line branch="true" condition-coverage="100% (2/2)" hits="1" number="122"/>
						<line hits="1" number="123"/>
						<line hits="1" number="124"/>
						<line hits="1" number="125"/>
						<line hits="1" number="126"/>
						<line hits="1" number="128"/>
						<line hits="1" number="129"/>
						<line hits="1" number="137"/>
						<line branch="true" condition-coverage="100% (2/2)" hits="1" number="138"/>
						<line hits="1" number="139"/>
						<line hits="1" number="140"/>
					</lines>
				</class>
				<class branch-rate="1" complexity="0" filename="engage-analytics/sentiment_analysis/src/constants.py" line-rate="1" name="constants.py">
					<methods/>
					<lines>
						<line hits="1" number="1"/>
						<line hits="1" number="2"/>
						<line hits="1" number="3"/>
						<line hits="1" number="8"/>
						<line hits="1" number="9"/>
						<line hits="1" number="10"/>
						<line hits="1" number="11"/>
						<line hits="1" number="12"/>
					</lines>
				</class>
				<class branch-rate="0" complexity="0" filename="engage-analytics/sentiment_analysis/src/extract_from_db_insert_weeks_to_redis.py" line-rate="0" name="extract_from_db_insert_weeks_to_redis.py">
					<methods/>
					<lines>
						<line hits="0" number="1"/>
						<line hits="0" number="2"/>
						<line hits="0" number="3"/>
						<line hits="0" number="5"/>
						<line hits="0" number="7"/>
						<line hits="0" number="8"/>
						<line hits="0" number="9"/>
						<line hits="0" number="10"/>
						<line hits="0" number="11"/>
						<line hits="0" number="12"/>
						<line hits="0" number="14"/>
						<line hits="0" number="17"/>
						<line hits="0" number="30"/>
						<line hits="0" number="31"/>
						<line hits="0" number="35"/>
						<line hits="0" number="36"/>
						<line hits="0" number="38"/>
						<line hits="0" number="41"/>
						<line hits="0" number="50"/>
						<line hits="0" number="55"/>
						<line branch="true" condition-coverage="0% (0/2)" hits="0" missing-branches="exit,57" number="56"/>
						<line hits="0" number="57"/>
						<line branch="true" condition-coverage="0% (0/2)" hits="0" missing-branches="exit,63" number="62"/>
						<line hits="0" number="63"/>
						<line hits="0" number="64"/>
						<line hits="0" number="65"/>
						<line hits="0" number="66"/>
						<line hits="0" number="67"/>
						<line hits="0" number="69"/>
						<line hits="0" number="71"/>
						<line hits="0" number="72"/>
						<line hits="0" number="73"/>
						<line hits="0" number="74"/>
						<line branch="true" condition-coverage="0% (0/2)" hits="0" missing-branches="77,79" number="76"/>
						<line hits="0" number="77"/>
						<line hits="0" number="79"/>
						<line hits="0" number="83"/>
						<line hits="0" number="85"/>
						<line branch="true" condition-coverage="0% (0/2)" hits="0" missing-branches="exit,90" number="88"/>
						<line hits="0" number="90"/>
						<line hits="0" number="92"/>
					</lines>
				</class>
				<class branch-rate="0" complexity="0" filename="engage-analytics/sentiment_analysis/src/extract_topics_calculate_scores.py" line-rate="0" name="extract_topics_calculate_scores.py">
					<methods/>
					<lines>
						<line hits="0" number="1"/>
						<line hits="0" number="2"/>
						<line hits="0" number="4"/>
						<line hits="0" number="5"/>
						<line hits="0" number="6"/>
						<line hits="0" number="7"/>
						<line hits="0" number="8"/>
						<line hits="0" number="9"/>
						<line hits="0" number="12"/>
						<line hits="0" number="23"/>
						<line hits="0" number="26"/>
						<line hits="0" number="28"/>
						<line hits="0" number="30"/>
						<line hits="0" number="33"/>
						<line branch="true" condition-coverage="0% (0/2)" hits="0" missing-branches="exit,44" number="43"/>
						<line hits="0" number="44"/>
						<line hits="0" number="45"/>
						<line branch="true" condition-coverage="0% (0/2)" hits="0" missing-branches="47,56" number="46"/>
						<line hits="0" number="47"/>
						<line branch="true" condition-coverage="0% (0/2)" hits="0" missing-branches="46,51" number="50"/>
						<line hits="0" number="51"/>
						<line hits="0" number="53"/>
						<line hits="0" number="54"/>
						<line hits="0" number="56"/>
						<line hits="0" number="57"/>
						<line hits="0" number="59"/>
						<line branch="true" condition-coverage="0% (0/2)" hits="0" missing-branches="exit,63" number="62"/>
						<line hits="0" number="63"/>
						<line hits="0" number="64"/>
						<line hits="0" number="65"/>
						<line hits="0" number="66"/>
						<line hits="0" number="68"/>
						<line hits="0" number="69"/>
						<line hits="0" number="70"/>
						<line hits="0" number="71"/>
						<line branch="true" condition-coverage="0% (0/2)" hits="0" missing-branches="74,76" number="73"/>
						<line hits="0" number="74"/>
						<line hits="0" number="76"/>
						<line hits="0" number="80"/>
						<line hits="0" number="82"/>
						<line hits="0" number="85"/>
						<line hits="0" number="87"/>
						<line hits="0" number="91"/>
						<line hits="0" number="95"/>
					</lines>
				</class>
				<class branch-rate="0" complexity="0" filename="engage-analytics/sentiment_analysis/src/survey_replies_manager.py" line-rate="0" name="survey_replies_manager.py">
					<methods/>
					<lines>
						<line hits="0" number="1"/>
						<line hits="0" number="3"/>
						<line hits="0" number="4"/>
						<line hits="0" number="6"/>
						<line hits="0" number="7"/>
						<line hits="0" number="8"/>
						<line hits="0" number="9"/>
						<line hits="0" number="10"/>
						<line hits="0" number="11"/>
						<line hits="0" number="13"/>
						<line hits="0" number="16"/>
						<line hits="0" number="21"/>
						<line hits="0" number="23"/>
						<line hits="0" number="24"/>
						<line hits="0" number="25"/>
						<line hits="0" number="26"/>
						<line hits="0" number="27"/>
						<line hits="0" number="28"/>
						<line hits="0" number="29"/>
						<line hits="0" number="30"/>
						<line hits="0" number="31"/>
						<line hits="0" number="32"/>
						<line hits="0" number="33"/>
						<line hits="0" number="35"/>
						<line hits="0" number="40"/>
						<line hits="0" number="42"/>
						<line hits="0" number="46"/>
						<line hits="0" number="50"/>
						<line hits="0" number="56"/>
						<line hits="0" number="57"/>
						<line hits="0" number="58"/>
						<line branch="true" condition-coverage="0% (0/2)" hits="0" missing-branches="61,63" number="60"/>
						<line hits="0" number="61"/>
						<line hits="0" number="63"/>
						<line hits="0" number="65"/>
						<line hits="0" number="67"/>
						<line hits="0" number="76"/>
						<line branch="true" condition-coverage="0% (0/2)" hits="0" missing-branches="78,80" number="77"/>
						<line hits="0" number="78"/>
						<line hits="0" number="80"/>
						<line hits="0" number="81"/>
						<line hits="0" number="83"/>
						<line hits="0" number="85"/>
						<line hits="0" number="92"/>
						<line hits="0" number="93"/>
						<line hits="0" number="95"/>
						<line hits="0" number="102"/>
						<line hits="0" number="103"/>
						<line hits="0" number="105"/>
						<line hits="0" number="112"/>
						<line hits="0" number="114"/>
						<line branch="true" condition-coverage="0% (0/2)" hits="0" missing-branches="exit,117" number="116"/>
						<line hits="0" number="117"/>
						<line hits="0" number="118"/>
						<line branch="true" condition-coverage="0% (0/2)" hits="0" missing-branches="116,122" number="120"/>
						<line branch="true" condition-coverage="0% (0/2)" hits="0" missing-branches="123,124" number="122"/>
						<line hits="0" number="123"/>
						<line branch="true" condition-coverage="0% (0/2)" hits="0" missing-branches="125,127" number="124"/>
						<line hits="0" number="125"/>
						<line hits="0" number="127"/>
						<line hits="0" number="128"/>
						<line hits="0" number="130"/>
						<line hits="0" number="131"/>
						<line hits="0" number="132"/>
						<line hits="0" number="133"/>
						<line hits="0" number="134"/>
						<line hits="0" number="137"/>
						<line hits="0" number="138"/>
					</lines>
				</class>
				<class branch-rate="0" complexity="0" filename="engage-analytics/sentiment_analysis/src/topics_manager.py" line-rate="0" name="topics_manager.py">
					<methods/>
					<lines>
						<line hits="0" number="1"/>
						<line hits="0" number="3"/>
						<line hits="0" number="4"/>
						<line hits="0" number="6"/>
						<line hits="0" number="7"/>
						<line hits="0" number="8"/>
						<line hits="0" number="9"/>
						<line hits="0" number="10"/>
						<line hits="0" number="11"/>
						<line hits="0" number="13"/>
						<line hits="0" number="16"/>
						<line hits="0" number="21"/>
						<line hits="0" number="23"/>
						<line hits="0" number="24"/>
						<line hits="0" number="25"/>
						<line hits="0" number="26"/>
						<line hits="0" number="27"/>
						<line hits="0" number="28"/>
						<line hits="0" number="29"/>
						<line hits="0" number="31"/>
						<line hits="0" number="36"/>
						<line hits="0" number="38"/>
						<line hits="0" number="43"/>
						<line hits="0" number="44"/>
						<line hits="0" number="46"/>
						<line hits="0" number="52"/>
						<line hits="0" number="53"/>
						<line hits="0" number="54"/>
						<line branch="true" condition-coverage="0% (0/2)" hits="0" missing-branches="57,59" number="56"/>
						<line hits="0" number="57"/>
						<line hits="0" number="59"/>
						<line hits="0" number="61"/>
						<line hits="0" number="63"/>
						<line hits="0" number="70"/>
						<line hits="0" number="71"/>
						<line hits="0" number="73"/>
						<line hits="0" number="80"/>
						<line hits="0" number="81"/>
						<line hits="0" number="83"/>
						<line hits="0" number="90"/>
						<line hits="0" number="92"/>
						<line branch="true" condition-coverage="0% (0/2)" hits="0" missing-branches="exit,95" number="94"/>
						<line hits="0" number="95"/>
						<line branch="true" condition-coverage="0% (0/2)" hits="0" missing-branches="94,98" number="97"/>
						<line branch="true" condition-coverage="0% (0/2)" hits="0" missing-branches="99,101" number="98"/>
						<line hits="0" number="99"/>
						<line hits="0" number="101"/>
						<line hits="0" number="103"/>
						<line hits="0" number="104"/>
						<line hits="0" number="105"/>
						<line hits="0" number="106"/>
						<line hits="0" number="107"/>
						<line hits="0" number="109"/>
						<line hits="0" number="110"/>
					</lines>
				</class>
				<class branch-rate="0" complexity="0" filename="engage-analytics/sentiment_analysis/src/word_cloud.py" line-rate="0.44" name="word_cloud.py">
					<methods/>
					<lines>
						<line hits="1" number="1"/>
						<line hits="1" number="2"/>
						<line hits="1" number="3"/>
						<line hits="1" number="4"/>
						<line hits="1" number="6"/>
						<line hits="1" number="7"/>
						<line hits="1" number="9"/>
						<line hits="1" number="10"/>
						<line hits="1" number="11"/>
						<line hits="1" number="14"/>
						<line hits="0" number="21"/>
						<line branch="true" condition-coverage="0% (0/2)" hits="0" missing-branches="23,25" number="22"/>
						<line hits="0" number="23"/>
						<line hits="0" number="24"/>
						<line branch="true" condition-coverage="0% (0/2)" hits="0" missing-branches="exit,27" number="25"/>
						<line hits="0" number="27"/>
						<line hits="1" number="30"/>
						<line hits="0" number="37"/>
						<line hits="0" number="38"/>
						<line hits="0" number="40"/>
						<line hits="0" number="41"/>
						<line hits="0" number="42"/>
						<line hits="0" number="43"/>
						<line hits="0" number="44"/>
						<line hits="0" number="45"/>
					</lines>
				</class>
			</classes>
		</package>
		<package branch-rate="0.1429" complexity="0" line-rate="0.2172" name="engage-analytics.sentiment_analysis.src.report">
			<classes>
				<class branch-rate="1" complexity="0" filename="engage-analytics/sentiment_analysis/src/report/cons_report.py" line-rate="1" name="cons_report.py">
					<methods/>
					<lines>
						<line hits="1" number="1"/>
						<line hits="1" number="2"/>
						<line hits="1" number="3"/>
						<line hits="1" number="5"/>
						<line hits="1" number="7"/>
						<line hits="1" number="9"/>
						<line hits="1" number="11"/>
						<line hits="1" number="13"/>
						<line hits="1" number="15"/>
						<line hits="1" number="17"/>
						<line hits="1" number="19"/>
						<line hits="1" number="21"/>
						<line hits="1" number="23"/>
						<line hits="1" number="25"/>
						<line hits="1" number="27"/>
						<line hits="1" number="29"/>
						<line hits="1" number="31"/>
						<line hits="1" number="33"/>
						<line hits="1" number="39"/>
					</lines>
				</class>
				<class branch-rate="0.3333" complexity="0" filename="engage-analytics/sentiment_analysis/src/report/interface_report.py" line-rate="0.3478" name="interface_report.py">
					<methods/>
					<lines>
						<line hits="1" number="1"/>
						<line hits="1" number="2"/>
						<line hits="1" number="4"/>
						<line hits="1" number="5"/>
						<line hits="1" number="6"/>
						<line hits="1" number="9"/>
						<line hits="1" number="11"/>
						<line hits="0" number="13"/>
						<line hits="0" number="14"/>
						<line hits="0" number="15"/>
						<line hits="0" number="16"/>
						<line hits="0" number="17"/>
						<line hits="0" number="18"/>
						<line hits="0" number="20"/>
						<line hits="0" number="21"/>
						<line hits="0" number="22"/>
						<line hits="0" number="23"/>
						<line hits="0" number="24"/>
						<line hits="0" number="25"/>
						<line hits="0" number="26"/>
						<line hits="0" number="27"/>
						<line hits="1" number="29"/>
						<line hits="1" number="30"/>
						<line hits="1" number="37"/>
						<line branch="true" condition-coverage="100% (2/2)" hits="1" number="38"/>
						<line hits="1" number="39"/>
						<line branch="true" condition-coverage="100% (2/2)" hits="1" number="40"/>
						<line hits="1" number="41"/>
						<line hits="1" number="42"/>
						<line hits="1" number="44"/>
						<line hits="1" number="45"/>
						<line hits="0" number="54"/>
						<line hits="0" number="55"/>
						<line hits="0" number="56"/>
						<line hits="1" number="58"/>
						<line hits="1" number="59"/>
						<line hits="0" number="66"/>
						<line hits="0" number="67"/>
						<line hits="0" number="68"/>
						<line hits="1" number="70"/>
						<line branch="true" condition-coverage="0% (0/2)" hits="0" missing-branches="80,88" number="79"/>
						<line hits="0" number="80"/>
						<line hits="0" number="81"/>
						<line hits="0" number="82"/>
						<line hits="0" number="83"/>
						<line hits="0" number="84"/>
						<line hits="0" number="85"/>
						<line hits="0" number="86"/>
						<line hits="0" number="87"/>
						<line branch="true" condition-coverage="0% (0/2)" hits="0" missing-branches="exit,exit" number="88"/>
						<line hits="1" number="90"/>
						<line branch="true" condition-coverage="0% (0/2)" hits="0" missing-branches="99,103" number="98"/>
						<line hits="0" number="99"/>
						<line hits="0" number="100"/>
						<line hits="0" number="101"/>
						<line hits="0" number="102"/>
						<line branch="true" condition-coverage="0% (0/2)" hits="0" missing-branches="exit,exit" number="103"/>
						<line hits="1" number="105"/>
						<line hits="0" number="110"/>
						<line hits="1" number="112"/>
						<line hits="0" number="118"/>
						<line hits="0" number="120"/>
						<line hits="1" number="122"/>
						<line hits="0" number="130"/>
						<line hits="0" number="133"/>
						<line hits="0" number="135"/>
						<line hits="0" number="138"/>
						<line hits="0" number="140"/>
						<line hits="0" number="142"/>
					</lines>
				</class>
				<class branch-rate="0" complexity="0" filename="engage-analytics/sentiment_analysis/src/report/preparation_report.py" line-rate="0" name="preparation_report.py">
					<methods/>
					<lines>
						<line hits="0" number="1"/>
						<line hits="0" number="3"/>
						<line hits="0" number="4"/>
						<line hits="0" number="5"/>
						<line hits="0" number="6"/>
						<line hits="0" number="8"/>
						<line hits="0" number="11"/>
						<line hits="0" number="13"/>
						<line hits="0" number="14"/>
						<line hits="0" number="15"/>
						<line hits="0" number="16"/>
						<line hits="0" number="17"/>
						<line hits="0" number="19"/>
						<line hits="0" number="23"/>
						<line hits="0" number="24"/>
						<line hits="0" number="26"/>
						<line branch="true" condition-coverage="0% (0/2)" hits="0" missing-branches="exit,31" number="29"/>
						<line hits="0" number="31"/>
						<line hits="0" number="36"/>
						<line hits="0" number="38"/>
						<line hits="0" number="41"/>
						<line hits="0" number="42"/>
						<line hits="0" number="44"/>
						<line hits="0" number="45"/>
						<line hits="0" number="46"/>
						<line hits="0" number="47"/>
						<line hits="0" number="49"/>
						<line hits="0" number="54"/>
						<line hits="0" number="55"/>
						<line branch="true" condition-coverage="0% (0/2)" hits="0" missing-branches="57,65" number="56"/>
						<line hits="0" number="57"/>
						<line branch="true" condition-coverage="0% (0/2)" hits="0" missing-branches="56,61" number="60"/>
						<line hits="0" number="61"/>
						<line hits="0" number="62"/>
						<line hits="0" number="63"/>
						<line hits="0" number="65"/>
						<line hits="0" number="67"/>
						<line hits="0" number="73"/>
						<line hits="0" number="74"/>
						<line hits="0" number="76"/>
						<line hits="0" number="77"/>
					</lines>
				</class>
				<class branch-rate="0" complexity="0" filename="engage-analytics/sentiment_analysis/src/report/report.py" line-rate="0" name="report.py">
					<methods/>
					<lines>
						<line hits="0" number="1"/>
						<line hits="0" number="2"/>
						<line hits="0" number="3"/>
						<line hits="0" number="5"/>
						<line hits="0" number="6"/>
						<line hits="0" number="7"/>
						<line hits="0" number="8"/>
						<line hits="0" number="10"/>
						<line hits="0" number="11"/>
						<line hits="0" number="12"/>
						<line branch="true" condition-coverage="0% (0/2)" hits="0" missing-branches="exit,15" number="14"/>
						<line hits="0" number="15"/>
						<line hits="0" number="16"/>
						<line hits="0" number="17"/>
						<line hits="0" number="18"/>
						<line hits="0" number="19"/>
						<line hits="0" number="20"/>
						<line hits="0" number="21"/>
						<line hits="0" number="22"/>
						<line hits="0" number="23"/>
						<line hits="0" number="24"/>
						<line branch="true" condition-coverage="0% (0/2)" hits="0" missing-branches="27,31" number="26"/>
						<line hits="0" number="27"/>
						<line hits="0" number="31"/>
						<line hits="0" number="37"/>
						<line hits="0" number="39"/>
						<line hits="0" number="41"/>
						<line hits="0" number="48"/>
						<line hits="0" number="49"/>
						<line hits="0" number="50"/>
						<line hits="0" number="52"/>
						<line hits="0" number="53"/>
						<line branch="true" condition-coverage="0% (0/2)" hits="0" missing-branches="55,60" number="54"/>
						<line hits="0" number="55"/>
						<line hits="0" number="58"/>
						<line hits="0" number="60"/>
						<line branch="true" condition-coverage="0% (0/2)" hits="0" missing-branches="63,67" number="62"/>
						<line hits="0" number="63"/>
						<line hits="0" number="65"/>
						<line hits="0" number="67"/>
						<line hits="0" number="69"/>
						<line hits="0" number="70"/>
					</lines>
				</class>
				<class branch-rate="0" complexity="0" filename="engage-analytics/sentiment_analysis/src/report/write_report.py" line-rate="0" name="write_report.py">
					<methods/>
					<lines>
						<line hits="0" number="1"/>
						<line hits="0" number="2"/>
						<line hits="0" number="4"/>
						<line hits="0" number="7"/>
						<line hits="0" number="9"/>
						<line hits="0" number="10"/>
						<line hits="0" number="11"/>
						<line hits="0" number="12"/>
						<line hits="0" number="14"/>
						<line hits="0" number="19"/>
						<line hits="0" number="20"/>
						<line hits="0" number="22"/>
						<line hits="0" number="32"/>
						<line hits="0" number="33"/>
						<line hits="0" number="35"/>
						<line hits="0" number="43"/>
						<line hits="0" number="44"/>
						<line hits="0" number="46"/>
						<line hits="0" number="55"/>
						<line hits="0" number="56"/>
						<line hits="0" number="57"/>
						<line hits="0" number="59"/>
						<line hits="0" number="63"/>
						<line branch="true" condition-coverage="0% (0/2)" hits="0" missing-branches="65,66" number="64"/>
						<line hits="0" number="65"/>
						<line hits="0" number="66"/>
						<line hits="0" number="69"/>
					</lines>
				</class>
			</classes>
		</package>
		<package branch-rate="0.5" complexity="0" line-rate="0.6042" name="engage-analytics.sentiment_analysis.src.report_html">
			<classes>
				<class branch-rate="1" complexity="0" filename="engage-analytics/sentiment_analysis/src/report_html/utilities_html.py" line-rate="0.9587" name="utilities_html.py">
					<methods/>
					<lines>
						<line hits="1" number="1"/>
						<line hits="1" number="4"/>
						<line hits="1" number="6"/>
						<line hits="1" number="7"/>
						<line hits="1" number="9"/>
						<line hits="1" number="14"/>
						<line hits="1" number="16"/>
						<line hits="1" number="18"/>
						<line hits="1" number="27"/>
						<line hits="1" number="32"/>
						<line hits="1" number="33"/>
						<line hits="1" number="35"/>
						<line branch="true" condition-coverage="100% (2/2)" hits="1" number="43"/>
						<line hits="1" number="44"/>
						<line hits="1" number="46"/>
						<line hits="1" number="47"/>
						<line hits="1" number="48"/>
						<line hits="1" number="50"/>
						<line hits="1" number="55"/>
						<line hits="1" number="56"/>
						<line hits="1" number="58"/>
						<line hits="1" number="63"/>
						<line hits="1" number="64"/>
						<line hits="1" number="66"/>
						<line hits="1" number="71"/>
						<line hits="1" number="72"/>
						<line hits="1" number="73"/>
						<line hits="1" number="75"/>
						<line hits="1" number="80"/>
						<line hits="1" number="83"/>
						<line hits="1" number="84"/>
						<line hits="1" number="86"/>
						<line hits="1" number="91"/>
						<line hits="1" number="92"/>
						<line hits="1" number="94"/>
						<line hits="1" number="99"/>
						<line hits="1" number="101"/>
						<line hits="1" number="102"/>
						<line hits="1" number="104"/>
						<line hits="1" number="109"/>
						<line hits="1" number="111"/>
						<line hits="1" number="112"/>
						<line hits="1" number="114"/>
						<line hits="1" number="119"/>
						<line hits="1" number="122"/>
						<line hits="1" number="123"/>
						<line hits="1" number="125"/>
						<line hits="1" number="130"/>
						<line hits="1" number="133"/>
						<line hits="1" number="134"/>
						<line hits="1" number="136"/>
						<line hits="1" number="141"/>
						<line hits="1" number="145"/>
						<line hits="1" number="146"/>
						<line hits="1" number="148"/>
						<line hits="1" number="153"/>
						<line hits="1" number="156"/>
						<line hits="1" number="157"/>
						<line hits="1" number="159"/>
						<line hits="0" number="161"/>
						<line hits="0" number="163"/>
						<line hits="0" number="164"/>
						<line hits="1" number="166"/>
						<line hits="1" number="171"/>
						<line hits="1" number="172"/>
						<line hits="1" number="174"/>
						<line branch="true" condition-coverage="100% (2/2)" hits="1" number="183"/>
						<line hits="1" number="184"/>
						<line hits="1" number="188"/>
						<line hits="1" number="195"/>
						<line hits="1" number="196"/>
						<line hits="1" number="198"/>
						<line hits="1" number="203"/>
						<line hits="1" number="205"/>
						<line hits="1" number="207"/>
						<line hits="1" number="212"/>
						<line hits="1" number="214"/>
						<line hits="1" number="216"/>
						<line hits="1" number="221"/>
						<line hits="1" number="223"/>
						<line hits="1" number="226"/>
						<line hits="1" number="227"/>
						<line hits="1" number="228"/>
						<line hits="1" number="230"/>
						<line hits="1" number="235"/>
						<line hits="1" number="236"/>
						<line hits="1" number="238"/>
						<line hits="1" number="243"/>
						<line hits="1" number="244"/>
						<line hits="1" number="246"/>
						<line hits="1" number="251"/>
						<line hits="1" number="252"/>
						<line hits="1" number="254"/>
						<line hits="1" number="259"/>
						<line hits="1" number="260"/>
						<line hits="1" number="262"/>
						<line hits="1" number="267"/>
						<line hits="1" number="268"/>
						<line hits="1" number="270"/>
						<line hits="1" number="275"/>
						<line hits="1" number="276"/>
						<line hits="1" number="278"/>
						<line hits="1" number="283"/>
						<line hits="1" number="284"/>
						<line hits="1" number="286"/>
						<line hits="1" number="291"/>
						<line hits="1" number="292"/>
						<line hits="1" number="294"/>
						<line branch="true" condition-coverage="100% (2/2)" hits="1" number="299"/>
						<line hits="1" number="300"/>
						<line hits="1" number="302"/>
						<line hits="1" number="303"/>
						<line hits="1" number="305"/>
						<line hits="1" number="310"/>
						<line hits="1" number="311"/>
						<line hits="1" number="313"/>
						<line hits="1" number="318"/>
						<line hits="1" number="319"/>
						<line hits="1" number="321"/>
						<line hits="0" number="326"/>
						<line hits="0" number="327"/>
					</lines>
				</class>
				<class branch-rate="0" complexity="0" filename="engage-analytics/sentiment_analysis/src/report_html/write_html.py" line-rate="0" name="write_html.py">
					<methods/>
					<lines>
						<line hits="0" number="1"/>
						<line hits="0" number="2"/>
						<line hits="0" number="3"/>
						<line hits="0" number="5"/>
						<line hits="0" number="6"/>
						<line hits="0" number="8"/>
						<line hits="0" number="11"/>
						<line hits="0" number="17"/>
						<line hits="0" number="18"/>
						<line hits="0" number="19"/>
						<line hits="0" number="20"/>
						<line hits="0" number="21"/>
						<line hits="0" number="22"/>
						<line hits="0" number="23"/>
						<line hits="0" number="24"/>
						<line hits="0" number="25"/>
						<line hits="0" number="28"/>
						<line hits="0" number="34"/>
						<line hits="0" number="35"/>
						<line hits="0" number="36"/>
						<line hits="0" number="37"/>
						<line hits="0" number="38"/>
						<line hits="0" number="41"/>
						<line hits="0" number="47"/>
						<line hits="0" number="48"/>
						<line hits="0" number="49"/>
						<line hits="0" number="50"/>
						<line hits="0" number="51"/>
						<line hits="0" number="55"/>
						<line hits="0" number="62"/>
						<line hits="0" number="63"/>
						<line branch="true" condition-coverage="0% (0/2)" hits="0" missing-branches="65,68" number="64"/>
						<line hits="0" number="65"/>
						<line hits="0" number="66"/>
						<line hits="0" number="67"/>
						<line hits="0" number="68"/>
						<line hits="0" number="69"/>
						<line hits="0" number="72"/>
						<line hits="0" number="80"/>
						<line branch="true" condition-coverage="0% (0/2)" hits="0" missing-branches="exit,82" number="81"/>
						<line hits="0" number="82"/>
						<line branch="true" condition-coverage="0% (0/2)" hits="0" missing-branches="84,87" number="83"/>
						<line hits="0" number="84"/>
						<line hits="0" number="85"/>
						<line hits="0" number="86"/>
						<line hits="0" number="87"/>
						<line hits="0" number="89"/>
						<line hits="0" number="90"/>
						<line hits="0" number="91"/>
						<line hits="0" number="94"/>
						<line hits="0" number="100"/>
						<line hits="0" number="103"/>
						<line hits="0" number="111"/>
						<line hits="0" number="112"/>
						<line hits="0" number="113"/>
						<line hits="0" number="116"/>
						<line hits="0" number="123"/>
						<line hits="0" number="126"/>
						<line hits="0" number="133"/>
						<line hits="0" number="136"/>
						<line hits="0" number="142"/>
						<line hits="0" number="145"/>
						<line hits="0" number="153"/>
						<line hits="0" number="154"/>
						<line hits="0" number="155"/>
						<line hits="0" number="156"/>
						<line hits="0" number="157"/>
						<line hits="0" number="158"/>
						<line hits="0" number="161"/>
						<line hits="0" number="166"/>
						<line hits="0" number="167"/>
					</lines>
				</class>
			</classes>
		</package>
		<package branch-rate="0.5" complexity="0" line-rate="0.9288" name="engage-analytics.tests.active_companies">
			<classes>
				<class branch-rate="1" complexity="0" filename="engage-analytics/tests/active_companies/test_active_companies.py" line-rate="1" name="test_active_companies.py">
					<methods/>
					<lines>
						<line hits="1" number="1"/>
						<line hits="1" number="2"/>
						<line hits="1" number="5"/>
						<line hits="1" number="7"/>
						<line hits="1" number="8"/>
						<line hits="1" number="11"/>
						<line hits="1" number="12"/>
						<line hits="1" number="13"/>
						<line hits="1" number="14"/>
						<line hits="1" number="15"/>
						<line hits="1" number="17"/>
						<line hits="1" number="19"/>
						<line hits="1" number="21"/>
						<line hits="1" number="22"/>
						<line hits="1" number="24"/>
						<line hits="1" number="26"/>
						<line hits="1" number="27"/>
						<line hits="1" number="28"/>
						<line hits="1" number="29"/>
						<line hits="1" number="31"/>
						<line hits="1" number="32"/>
						<line hits="1" number="33"/>
						<line hits="1" number="35"/>
						<line hits="1" number="37"/>
						<line hits="1" number="38"/>
						<line hits="1" number="39"/>
						<line hits="1" number="40"/>
						<line hits="1" number="41"/>
						<line hits="1" number="43"/>
						<line hits="1" number="45"/>
						<line hits="1" number="46"/>
						<line hits="1" number="47"/>
						<line hits="1" number="49"/>
					</lines>
				</class>
				<class branch-rate="1" complexity="0" filename="engage-analytics/tests/active_companies/test_api_data_manager.py" line-rate="1" name="test_api_data_manager.py">
					<methods/>
					<lines>
						<line hits="1" number="1"/>
						<line hits="1" number="2"/>
						<line hits="1" number="3"/>
						<line hits="1" number="5"/>
						<line hits="1" number="6"/>
						<line hits="1" number="7"/>
						<line hits="1" number="10"/>
						<line hits="1" number="11"/>
						<line hits="1" number="12"/>
						<line hits="1" number="13"/>
						<line hits="1" number="14"/>
						<line hits="1" number="16"/>
						<line hits="1" number="18"/>
						<line hits="1" number="20"/>
						<line hits="1" number="21"/>
						<line hits="1" number="23"/>
						<line hits="1" number="25"/>
						<line hits="1" number="26"/>
						<line hits="1" number="28"/>
						<line hits="1" number="29"/>
						<line hits="1" number="30"/>
						<line hits="1" number="32"/>
						<line hits="1" number="33"/>
						<line hits="1" number="34"/>
						<line hits="1" number="35"/>
						<line hits="1" number="37"/>
						<line hits="1" number="39"/>
						<line hits="1" number="40"/>
						<line hits="1" number="43"/>
						<line hits="1" number="44"/>
						<line hits="1" number="45"/>
						<line hits="1" number="47"/>
						<line hits="1" number="48"/>
						<line hits="1" number="49"/>
						<line hits="1" number="50"/>
						<line hits="1" number="52"/>
						<line hits="1" number="54"/>
						<line hits="1" number="55"/>
						<line hits="1" number="57"/>
						<line hits="1" number="58"/>
						<line hits="1" number="59"/>
						<line hits="1" number="61"/>
						<line hits="1" number="62"/>
						<line hits="1" number="63"/>
						<line hits="1" number="64"/>
						<line hits="1" number="66"/>
						<line hits="1" number="68"/>
						<line hits="1" number="69"/>
						<line hits="1" number="70"/>
						<line hits="1" number="72"/>
						<line hits="1" number="73"/>
						<line hits="1" number="75"/>
						<line hits="1" number="77"/>
						<line hits="1" number="78"/>
						<line hits="1" number="79"/>
						<line hits="1" number="81"/>
						<line hits="1" number="82"/>
						<line hits="1" number="84"/>
						<line hits="1" number="86"/>
						<line hits="1" number="87"/>
						<line hits="1" number="88"/>
						<line hits="1" number="90"/>
						<line hits="1" number="91"/>
						<line hits="1" number="93"/>
						<line hits="1" number="95"/>
						<line hits="1" number="96"/>
						<line hits="1" number="98"/>
						<line hits="1" number="99"/>
						<line hits="1" number="100"/>
						<line hits="1" number="102"/>
						<line hits="1" number="103"/>
						<line hits="1" number="104"/>
						<line hits="1" number="105"/>
						<line hits="1" number="107"/>
						<line hits="1" number="109"/>
						<line hits="1" number="110"/>
						<line hits="1" number="114"/>
						<line hits="1" number="115"/>
						<line hits="1" number="118"/>
						<line hits="1" number="122"/>
						<line hits="1" number="123"/>
						<line hits="1" number="124"/>
						<line hits="1" number="125"/>
					</lines>
[...]
						<line hits="1" number="141"/>
						<line hits="1" number="142"/>
						<line hits="1" number="146"/>
						<line hits="1" number="148"/>
						<line hits="1" number="149"/>
						<line hits="1" number="150"/>
						<line hits="1" number="151"/>
						<line hits="1" number="152"/>
						<line hits="1" number="154"/>
						<line hits="1" number="155"/>
						<line hits="1" number="157"/>
						<line hits="1" number="158"/>
						<line hits="1" number="159"/>
						<line hits="1" number="160"/>
						<line hits="1" number="162"/>
						<line hits="1" number="163"/>
						<line hits="1" number="164"/>
						<line hits="1" number="165"/>
						<line hits="1" number="167"/>
						<line hits="1" number="168"/>
						<line hits="1" number="169"/>
						<line hits="1" number="170"/>
						<line hits="1" number="172"/>
						<line hits="1" number="173"/>
						<line hits="1" number="174"/>
						<line hits="1" number="175"/>
						<line hits="1" number="177"/>
						<line hits="1" number="178"/>
						<line hits="1" number="179"/>
						<line hits="1" number="180"/>
						<line hits="1" number="182"/>
						<line hits="1" number="183"/>
						<line hits="1" number="184"/>
						<line hits="1" number="185"/>
						<line hits="1" number="187"/>
						<line hits="1" number="188"/>
						<line hits="1" number="189"/>
						<line hits="1" number="190"/>
						<line hits="1" number="192"/>
						<line hits="1" number="193"/>
						<line hits="1" number="194"/>
						<line hits="1" number="195"/>
						<line hits="1" number="197"/>
						<line hits="1" number="198"/>
						<line hits="1" number="199"/>
						<line hits="1" number="200"/>
						<line hits="1" number="202"/>
						<line hits="1" number="203"/>
						<line hits="1" number="204"/>
						<line hits="1" number="205"/>
						<line hits="1" number="207"/>
						<line hits="1" number="208"/>
						<line hits="1" number="209"/>
						<line hits="1" number="210"/>
						<line hits="1" number="212"/>
						<line hits="1" number="213"/>
						<line hits="1" number="214"/>
						<line hits="1" number="215"/>
						<line hits="1" number="217"/>
						<line hits="1" number="218"/>
						<line hits="1" number="219"/>
						<line hits="1" number="220"/>
					</lines>
				</class>
			</classes>
		</package>
		<package branch-rate="0.7045" complexity="0" line-rate="0.8067" name="engage-analytics.utils">
			<classes>
				<class branch-rate="0.7045" complexity="0" filename="engage-analytics/utils/utilities.py" line-rate="0.8067" name="utilities.py">
					<methods/>
					<lines>
						<line hits="1" number="3"/>
						<line hits="1" number="4"/>
						<line hits="1" number="5"/>
						<line hits="1" number="6"/>
						<line hits="1" number="7"/>
						<line hits="1" number="8"/>
						<line hits="1" number="9"/>
						<line hits="1" number="11"/>
						<line hits="1" number="12"/>
						<line hits="1" number="14"/>
						<line hits="1" number="17"/>
						<line branch="true" condition-coverage="100% (2/2)" hits="1" number="22"/>
						<line hits="1" number="23"/>
						<line hits="1" number="24"/>
						<line hits="1" number="27"/>
						<line hits="1" number="32"/>
						<line hits="1" number="35"/>
						<line hits="1" number="40"/>
						<line hits="1" number="41"/>
						<line hits="1" number="44"/>
						<line hits="1" number="49"/>
						<line hits="1" number="55"/>
						<line hits="1" number="58"/>
						<line hits="1" number="59"/>
						<line hits="1" number="60"/>
						<line hits="1" number="61"/>
						<line hits="1" number="62"/>
						<line hits="1" number="63"/>
						<line hits="1" number="64"/>
						<line hits="1" number="65"/>
						<line hits="1" number="67"/>
						<line hits="1" number="68"/>
						<line branch="true" condition-coverage="100% (2/2)" hits="1" number="69"/>
						<line hits="1" number="70"/>
						<line hits="1" number="71"/>
						<line hits="1" number="72"/>
						<line branch="true" condition-coverage="50% (1/2)" hits="1" missing-branches="76" number="73"/>
						<line hits="1" number="74"/>
						<line hits="0" number="76"/>
						<line hits="1" number="78"/>
						<line hits="1" number="79"/>
						<line hits="1" number="80"/>
						<line hits="1" number="81"/>
						<line hits="1" number="83"/>
						<line hits="1" number="86"/>
						<line hits="1" number="91"/>
						<line hits="1" number="92"/>
						<line hits="1" number="95"/>
						<line hits="1" number="100"/>
						<line hits="1" number="101"/>
						<line branch="true" condition-coverage="50% (1/2)" hits="1" missing-branches="104" number="103"/>
						<line hits="0" number="104"/>
						<line hits="1" number="106"/>
						<line hits="1" number="108"/>
						<line hits="1" number="111"/>
						<line hits="0" number="116"/>
						<line hits="0" number="117"/>
						<line branch="true" condition-coverage="0% (0/2)" hits="0" missing-branches="120,122" number="119"/>
						<line hits="0" number="120"/>
						<line hits="0" number="122"/>
						<line hits="0" number="123"/>
						<line hits="0" number="125"/>
						<line hits="1" number="128"/>
						<line hits="1" number="136"/>
						<line hits="1" number="137"/>
						<line hits="1" number="138"/>
						<line hits="1" number="139"/>
						<line hits="1" number="142"/>
						<line hits="1" number="150"/>
						<line hits="1" number="151"/>
						<line hits="1" number="162"/>
						<line branch="true" condition-coverage="100% (2/2)" hits="1" number="171"/>
						<line hits="1" number="172"/>
						<line hits="1" number="174"/>
						<line hits="1" number="178"/>
						<line hits="1" number="184"/>
						<line hits="1" number="185"/>
						<line hits="1" number="187"/>
						<line branch="true" condition-coverage="100% (2/2)" hits="1" number="188"/>
						<line hits="1" number="189"/>
						<line hits="1" number="192"/>
						<line hits="1" number="200"/>
						<line hits="1" number="202"/>
						<line branch="true" condition-coverage="50% (1/2)" hits="1" missing-branches="210" number="204"/>
						<line branch="true" condition-coverage="100% (2/2)" hits="1" number="205"/>
						<line branch="true" condition-coverage="100% (2/2)" hits="1" number="206"/>
						<line hits="1" number="207"/>
						<line branch="true" condition-coverage="100% (2/2)" hits="1" number="208"/>
						<line hits="1" number="209"/>
						<line branch="true" condition-coverage="0% (0/2)" hits="0" missing-branches="211,213" number="210"/>
						<line branch="true" condition-coverage="0% (0/2)" hits="0" missing-branches="212,213" number="211"/>
						<line hits="0" number="212"/>
						<line hits="1" number="213"/>
						<line hits="1" number="215"/>
						<line hits="1" number="216"/>
						<line hits="1" number="219"/>
						<line hits="0" number="225"/>
						<line hits="0" number="226"/>
						<line hits="0" number="227"/>
						<line hits="0" number="228"/>
						<line hits="0" number="229"/>
						<line hits="0" number="230"/>
						<line hits="0" number="232"/>
						<line hits="1" number="235"/>
						<line branch="true" condition-coverage="50% (1/2)" hits="1" missing-branches="251" number="241"/>
						<line hits="1" number="242"/>
						<line hits="1" number="243"/>
						<line hits="1" number="244"/>
						<line hits="1" number="245"/>
						<line branch="true" condition-coverage="50% (1/2)" hits="1" missing-branches="248" number="247"/>
						<line hits="0" number="248"/>
						<line branch="true" condition-coverage="50% (1/2)" hits="1" missing-branches="252" number="251"/>
						<line hits="0" number="252"/>
						<line hits="0" number="253"/>
						<line hits="0" number="254"/>
						<line hits="0" number="255"/>
						<line hits="0" number="256"/>
						<line hits="1" number="259"/>
						<line hits="1" number="262"/>
						<line hits="1" number="269"/>
						<line hits="1" number="272"/>
						<line hits="0" number="277"/>
						<line hits="1" number="280"/>
						<line hits="1" number="287"/>
						<line hits="1" number="288"/>
						<line hits="1" number="291"/>
						<line hits="1" number="298"/>
						<line branch="true" condition-coverage="50% (1/2)" hits="1" missing-branches="302" number="299"/>
						<line hits="1" number="300"/>
						<line hits="1" number="301"/>
						<line hits="1" number="302"/>
						<line hits="1" number="305"/>
						<line branch="true" condition-coverage="100% (2/2)" hits="1" number="312"/>
						<line branch="true" condition-coverage="100% (2/2)" hits="1" number="313"/>
						<line hits="1" number="314"/>
						<line branch="true" condition-coverage="100% (2/2)" hits="1" number="315"/>
						<line hits="1" number="316"/>
						<line hits="1" number="319"/>
						<line hits="1" number="326"/>
						<line branch="true" condition-coverage="100% (2/2)" hits="1" number="327"/>
						<line branch="true" condition-coverage="100% (2/2)" hits="1" number="328"/>
						<line hits="1" number="329"/>
						<line hits="1" number="330"/>
						<line hits="1" number="331"/>
						<line hits="1" number="332"/>
						<line hits="1" number="334"/>
						<line hits="1" number="337"/>
						<line hits="0" number="338"/>
						<line hits="0" number="339"/>
						<line hits="0" number="340"/>
					</lines>
				</class>
			</classes>
		</package>
		<package branch-rate="0" complexity="0" line-rate="0.5714" name="engage-analytics.utils.alerts">
			<classes>
				<class branch-rate="1" complexity="0" filename="engage-analytics/utils/alerts/manager.py" line-rate="0.625" name="manager.py">
					<methods/>
					<lines>
						<line hits="1" number="3"/>
						<line hits="1" number="4"/>
						<line hits="1" number="7"/>
						<line hits="1" number="13"/>
						<line hits="1" number="14"/>
						<line hits="0" number="19"/>
						<line hits="0" number="21"/>
						<line hits="0" number="24"/>
					</lines>
				</class>
				<class branch-rate="0" complexity="0" filename="engage-analytics/utils/alerts/slack_message.py" line-rate="0.5385" name="slack_message.py">
					<methods/>
					<lines>
						<line hits="1" number="5"/>
						<line hits="1" number="6"/>
						<line hits="1" number="7"/>
						<line hits="1" number="9"/>
						<line hits="1" number="12"/>
						<line hits="1" number="14"/>
						<line hits="1" number="15"/>
						<line branch="true" condition-coverage="0% (0/2)" hits="0" missing-branches="exit,21" number="20"/>
						<line hits="0" number="21"/>
						<line branch="true" condition-coverage="0% (0/2)" hits="0" missing-branches="23,33" number="22"/>
						<line hits="0" number="23"/>
						<line hits="0" number="24"/>
						<line hits="0" number="33"/>
					</lines>
				</class>
			</classes>
		</package>
		<package branch-rate="0.6875" complexity="0" line-rate="0.7808" name="engage-analytics.utils.data_connection">
			<classes>
				<class branch-rate="0.75" complexity="0" filename="engage-analytics/utils/data_connection/api_data_manager.py" line-rate="0.8454" name="api_data_manager.py">
					<methods/>
					<lines>
						<line hits="1" number="4"/>
						<line hits="1" number="5"/>
						<line hits="1" number="6"/>
						<line hits="1" number="8"/>
						<line hits="1" number="9"/>
						<line hits="1" number="10"/>
						<line hits="1" number="12"/>
						<line hits="1" number="15"/>
						<line hits="1" number="20"/>
						<line hits="1" number="24"/>
						<line hits="1" number="25"/>
						<line hits="1" number="27"/>
						<line hits="1" number="33"/>
						<line hits="1" number="34"/>
						<line hits="1" number="35"/>
						<line hits="1" number="36"/>
						<line hits="1" number="37"/>
						<line hits="0" number="39"/>
						<line hits="0" number="40"/>
						<line hits="0" number="41"/>
						<line hits="1" number="43"/>
						<line hits="1" number="45"/>
						<line branch="true" condition-coverage="100% (2/2)" hits="1" number="51"/>
						<line hits="1" number="52"/>
						<line hits="1" number="54"/>
						<line hits="1" number="56"/>
						<line hits="1" number="64"/>
						<line hits="1" number="65"/>
						<line hits="1" number="67"/>
						<line hits="1" number="68"/>
						<line hits="1" number="69"/>
						<line hits="1" number="70"/>
						<line hits="1" number="71"/>
						<line hits="1" number="73"/>
						<line hits="1" number="75"/>
						<line branch="true" condition-coverage="100% (2/2)" hits="1" number="81"/>
						<line hits="1" number="82"/>
						<line hits="1" number="84"/>
						<line hits="1" number="86"/>
						<line hits="1" number="96"/>
						<line hits="1" number="97"/>
						<line hits="1" number="99"/>
						<line hits="1" number="100"/>
						<line hits="1" number="101"/>
						<line hits="1" number="102"/>
						<line hits="1" number="103"/>
						<line hits="1" number="104"/>
						<line hits="1" number="106"/>
						<line branch="true" condition-coverage="100% (2/2)" hits="1" number="112"/>
						<line hits="1" number="113"/>
						<line hits="1" number="115"/>
						<line hits="1" number="117"/>
						<line hits="1" number="128"/>
						<line hits="1" number="129"/>
						<line hits="1" number="131"/>
						<line hits="1" number="132"/>
						<line hits="1" number="133"/>
						<line hits="1" number="134"/>
						<line hits="1" number="135"/>
						<line hits="1" number="136"/>
						<line hits="1" number="138"/>
						<line hits="1" number="145"/>
						<line hits="1" number="153"/>
						<line hits="1" number="154"/>
						<line branch="true" condition-coverage="50% (1/2)" hits="1" missing-branches="178" number="177"/>
						<line hits="0" number="178"/>
						<line hits="1" number="180"/>
						<line hits="1" number="181"/>
						<line branch="true" condition-coverage="50% (1/2)" hits="1" missing-branches="186" number="183"/>
						<line hits="1" number="184"/>
						<line hits="1" number="186"/>
						<line hits="1" number="187"/>
						<line hits="1" number="189"/>
						<line hits="1" number="190"/>
						<line hits="0" number="191"/>
						<line hits="0" number="192"/>
						<line hits="0" number="193"/>
						<line hits="1" number="195"/>
						<line hits="1" number="197"/>
						<line hits="1" number="204"/>
						<line hits="1" number="206"/>
						<line branch="true" condition-coverage="50% (1/2)" hits="1" missing-branches="220" number="217"/>
						<line hits="1" number="218"/>
						<line hits="1" number="220"/>
						<line hits="1" number="221"/>
						<line hits="1" number="222"/>
						<line hits="1" number="223"/>
						<line hits="0" number="224"/>
						<line hits="0" number="225"/>
						<line hits="0" number="226"/>
						<line hits="1" number="228"/>
						<line hits="1" number="230"/>
						<line hits="0" number="236"/>
						<line hits="0" number="237"/>
						<line hits="0" number="240"/>
						<line hits="0" number="241"/>
						<line hits="0" number="242"/>
					</lines>
				</class>
				<class branch-rate="1" complexity="0" filename="engage-analytics/utils/data_connection/constant_variables_db.py" line-rate="1" name="constant_variables_db.py">
					<methods/>
					<lines>
						<line hits="1" number="6"/>
						<line hits="1" number="7"/>
						<line hits="1" number="8"/>
						<line hits="1" number="9"/>
						<line hits="1" number="10"/>
						<line hits="1" number="11"/>
						<line hits="1" number="12"/>
						<line hits="1" number="13"/>
						<line hits="1" number="14"/>
						<line hits="1" number="15"/>
						<line hits="1" number="16"/>
						<line hits="1" number="19"/>
						<line hits="1" number="22"/>
						<line hits="1" number="24"/>
						<line hits="1" number="27"/>
						<line hits="1" number="31"/>
						<line hits="1" number="34"/>
						<line hits="1" number="36"/>
						<line hits="1" number="42"/>
						<line hits="1" number="43"/>
						<line hits="1" number="46"/>
						<line hits="1" number="47"/>
						<line hits="1" number="50"/>
						<line hits="1" number="57"/>
						<line hits="1" number="58"/>
						<line hits="1" number="59"/>
						<line hits="1" number="63"/>
						<line hits="1" number="64"/>
					</lines>
				</class>
				<class branch-rate="1" complexity="0" filename="engage-analytics/utils/data_connection/manager.py" line-rate="0" name="manager.py">
					<methods/>
					<lines>
						<line hits="0" number="3"/>
						<line hits="0" number="4"/>
						<line hits="0" number="7"/>
						<line hits="0" number="13"/>
						<line hits="0" number="14"/>
						<line hits="0" number="19"/>
						<line hits="0" number="21"/>
						<line hits="0" number="24"/>
					</lines>
				</class>
				<class branch-rate="1" complexity="0" filename="engage-analytics/utils/data_connection/redis_manager.py" line-rate="0.75" name="redis_manager.py">
					<methods/>
					<lines>
						<line hits="1" number="1"/>
						<line hits="1" number="2"/>
						<line hits="1" number="3"/>
						<line hits="1" number="4"/>
						<line hits="1" number="6"/>
						<line hits="1" number="9"/>
						<line hits="1" number="11"/>
						<line hits="1" number="12"/>
						<line hits="1" number="13"/>
						<line hits="1" number="14"/>
						<line hits="1" number="16"/>
						<line hits="1" number="17"/>
						<line hits="1" number="18"/>
						<line hits="1" number="19"/>
						<line hits="1" number="21"/>
						<line hits="1" number="26"/>
						<line hits="1" number="28"/>
						<line hits="1" number="33"/>
						<line hits="0" number="35"/>
						<line hits="0" number="36"/>
						<line hits="0" number="37"/>
						<line hits="1" number="39"/>
						<line hits="1" number="47"/>
						<line hits="1" number="48"/>
						<line hits="1" number="49"/>
						<line hits="0" number="50"/>
						<line hits="0" number="51"/>
						<line hits="0" number="52"/>
						<line hits="1" number="54"/>
						<line hits="1" number="62"/>
						<line hits="1" number="63"/>
						<line hits="1" number="64"/>
						<line hits="0" number="65"/>
						<line hits="0" number="66"/>
						<line hits="0" number="67"/>
						<line hits="1" number="68"/>
					</lines>
				</class>
				<class branch-rate="0.5" complexity="0" filename="engage-analytics/utils/data_connection/source_manager.py" line-rate="0.68" name="source_manager.py">
					<methods/>
					<lines>
						<line hits="1" number="2"/>
						<line hits="1" number="3"/>
						<line hits="1" number="4"/>
						<line hits="1" number="5"/>
						<line hits="1" number="7"/>
						<line hits="1" number="9"/>
						<line hits="1" number="10"/>
						<line hits="1" number="13"/>
						<line hits="1" number="15"/>
						<line hits="1" number="16"/>
						<line hits="1" number="17"/>
						<line hits="1" number="18"/>
						<line hits="1" number="20"/>
						<line hits="1" number="21"/>
						<line hits="1" number="22"/>
						<line hits="1" number="23"/>
						<line hits="1" number="24"/>
						<line hits="1" number="25"/>
						<line hits="1" number="27"/>
						<line branch="true" condition-coverage="50% (1/2)" hits="1" missing-branches="exit" number="32"/>
						<line hits="1" number="33"/>
						<line hits="1" number="35"/>
						<line hits="1" number="40"/>
						<line branch="true" condition-coverage="50% (1/2)" hits="1" missing-branches="42" number="41"/>
						<line hits="0" number="42"/>
						<line hits="1" number="45"/>
						<line hits="1" number="47"/>
						<line hits="0" number="48"/>
						<line hits="0" number="49"/>
						<line hits="0" number="50"/>
						<line hits="0" number="51"/>
						<line hits="1" number="53"/>
						<line hits="1" number="58"/>
						<line hits="1" number="59"/>
						<line hits="1" number="60"/>
						<line hits="1" number="61"/>
						<line hits="1" number="62"/>
						<line hits="0" number="64"/>
						<line hits="0" number="65"/>
						<line hits="0" number="66"/>
						<line hits="1" number="68"/>
						<line hits="1" number="70"/>
						<line hits="0" number="76"/>
						<line hits="0" number="77"/>
						<line hits="0" number="78"/>
						<line hits="0" number="79"/>
						<line hits="0" number="80"/>
						<line hits="0" number="82"/>
						<line hits="0" number="83"/>
						<line hits="0" number="84"/>
					</lines>
				</class>
			</classes>
		</package>
	</packages>
</coverage>
